filename:./data/image1.jpg
pred  :额预市价用发
target:浙江通用机打发票
filename:./data/image2.jpg
pred  :发票0
target:发票代码
filename:./data/image4.jpg
pred  :码
target:发票号码
filename:./data/image6.jpg
pred  :监务电话:
target:监督电话：
filename:./data/image9.jpg
pred  ::号
target:证号
filename:./data/image10.jpg
pred  :日司
target:日期
filename:./data/image12.jpg
pred  :4
target:下车
filename:./data/image14.jpg
pred  :里3
target:里程
filename:./data/image16.jpg
pred  :公额
target:金额
filename:./data/image17.jpg
pred  :号
target:卡号
filename:./data/image18.jpg
pred  :FT5196
target:FT5199
filename:./data/image21.jpg
pred  :08:3
target:08:43
filename:./data/image26.jpg
pred  :K0910008:18
target:(K0910)08:18
filename:./data/image28.jpg
pred  :金凭市删用发票
target:浙江通用机打发票
filename:./data/image29.jpg
pred  :发:票:联
target:发票联
filename:./data/image30.jpg
pred  :发账8
target:发票代码
filename:./data/image31.jpg
pred  :代2号号
target:发票代码
filename:./data/image32.jpg
pred  :13304184051
target:133041840519
filename:./data/image33.jpg
pred  :14592325
target:145923325
filename:./data/image34.jpg
pred  :单好电话:
target:监督电话:
filename:./data/image40.jpg
pred  :F车
target:下车
filename:./data/image42.jpg
pred  :里业
target:里程
filename:./data/image43.jpg
pred  :等代
target:等候
filename:./data/image44.jpg
pred  :全额
target:金额
filename:./data/image45.jpg
pred  :751:
target:FT5112
filename:./data/image46.jpg
pred  :2723
target:270131
filename:./data/image47.jpg
pred  :030-0:-93
target:2020-01-03
filename:./data/image48.jpg
pred  :求取218419:53
target:(K0910)18:53
filename:./data/image50.jpg
pred  :3.30i
target:3.30元
filename:./data/image51.jpg
pred  :F.88m
target:7.8km
filename:./data/image52.jpg
pred  :0:0号18
target:00:05:16
filename:./data/image53.jpg
pred  :1年
target:+1元
filename:./data/image54.jpg
pred  :5000
target:25.00元
filename:./data/image55.jpg
pred  :系0预限发8
target:浙江通用机打发票
filename:./data/image57.jpg
pred  :发票3
target:发票代码
filename:./data/image58.jpg
pred  :务司
target:发票号码
filename:./data/image61.jpg
pred  :监务电话:
target:监督电话:
filename:./data/image63.jpg
pred  :在学
target:车号
filename:./data/image64.jpg
pred  :在号
target:证号
filename:./data/image65.jpg
pred  :B9
target:日期
filename:./data/image66.jpg
pred  :1车
target:上车
filename:./data/image67.jpg
pred  :下=
target:下车
filename:./data/image68.jpg
pred  :件价
target:单价
filename:./data/image69.jpg
pred  :里金
target:里程
filename:./data/image70.jpg
pred  :导候
target:等候
filename:./data/image71.jpg
pred  :合额
target:金额
filename:./data/image72.jpg
pred  :FT72ee
target:FT7203
filename:./data/image73.jpg
pred  :270118
target:270110
filename:./data/image74.jpg
pred  :20029-01-10
target:2020-01-10
filename:./data/image75.jpg
pred  :(K091813:00
target:(k0910)13:03
filename:./data/image79.jpg
pred  :00:00.38
target:00:00:38
filename:./data/image80.jpg
pred  :1元
target:+1元
filename:./data/image81.jpg
pred  :21.005
target:21.00元
filename:./data/image82.jpg
pred  :E预财打发示
target:浙江通用机打发票
filename:./data/image83.jpg
pred  :发票:联
target:发票联
filename:./data/image84.jpg
pred  :13
target:发票代码
filename:./data/image85.jpg
pred  :代编
target:发票号码
filename:./data/image88.jpg
pred  :监努电话
target:监督电话:
filename:./data/image89.jpg
pred  :12346
target:12345
filename:./data/image91.jpg
pred  :萨号
target:证号
filename:./data/image92.jpg
pred  :P物
target:日期
filename:./data/image93.jpg
pred  :上左
target:上车
filename:./data/image94.jpg
pred  :下年
target:下车
filename:./data/image97.jpg
pred  :导保
target:等候
filename:./data/image98.jpg
pred  :合额
target:金额
filename:./data/image99.jpg
pred  :FT2e21
target:FT2621
filename:./data/image100.jpg
pred  :3S0018
target:350018
filename:./data/image102.jpg
pred  :K0910)18.25
target:(K0910)16:25
filename:./data/image103.jpg
pred  :16:59
target:16:39
filename:./data/image104.jpg
pred  :3.30f
target:3.30元
filename:./data/image106.jpg
pred  :00:05.04
target:00:05:04
filename:./data/image107.jpg
pred  :*1元
target:+1元
filename:./data/image108.jpg
pred  :25.80元
target:25.00元
filename:./data/image109.jpg
pred  :账2项用增称发票
target:浙江通用机打发票
filename:./data/image111.jpg
pred  :发票5
target:发票代码
filename:./data/image112.jpg
pred  :133041940519
target:133041840519
filename:./data/image114.jpg
pred  :度务编
target:发票号码
filename:./data/image115.jpg
pred  :单价电话:
target:监督电话:
filename:./data/image118.jpg
pred  :在号
target:证号
filename:./data/image119.jpg
pred  :4期
target:日期
filename:./data/image120.jpg
pred  :上存
target:上车
filename:./data/image121.jpg
pred  :下车
target:(K0910)08：18
filename:./data/image124.jpg
pred  :务候
target:等候
filename:./data/image126.jpg
pred  :FTS532
target:FT5632
filename:./data/image127.jpg
pred  :190192
target:190194
filename:./data/image128.jpg
pred  :2820-01-13
target:2020-01-13
filename:./data/image129.jpg
pred  :(k0910)09:23
target:(K0910)08:23
filename:./data/image130.jpg
pred  :6除:47
target:08:47
filename:./data/image132.jpg
pred  :8.7k0
target:8.7km
filename:./data/image133.jpg
pred  :00:12.8
target:00:12:48
filename:./data/image134.jpg
pred  :牛1元
target:+1元
filename:./data/image136.jpg
pred  :1-1:c1=eXexa
target:上海中化汽车服务公司
filename:./data/image138.jpg
pred  :发票
target:发票代码:
filename:./data/image139.jpg
pred  :131001852601
target:131001862601
filename:./data/image140.jpg
pred  :发票号
target:发票号码:
filename:./data/image148.jpg
pred  :集部
target:里程
filename:./data/image150.jpg
pred  :金额
target:jine
filename:./data/image151.jpg
pred  :05153
target:GU5153
filename:./data/image153.jpg
pred  :0019-04-15
target:2019-04-15
filename:./data/image154.jpg
pred  :(K087ap15:45
target:(K0870)15:45
filename:./data/image156.jpg
pred  :2.50证
target:2.50元
filename:./data/image157.jpg
pred  :7家m
target:1.7km
filename:./data/image158.jpg
pred  :00:0325
target:00:03.25
filename:./data/image159.jpg
pred  :70天
target:16.00元
filename:./data/image160.jpg
pred  :高0发没品款0备60S3
target:蓝色联盟监督电话:65295588
filename:./data/image161.jpg
pred  :统一中公凭附代号
target:统一社会信用代码:
filename:./data/image162.jpg
pred  :91110101357575
target:913101011337375751
filename:./data/image163.jpg
pred  :游代审服务有限公司
target:锦江汽车服务有限公司
filename:./data/image164.jpg
pred  :TAX
target:TAXI
filename:./data/image165.jpg
pred  :单发发票
target:车费发票
filename:./data/image166.jpg
pred  :发票代码
target:发票代码:
filename:./data/image168.jpg
pred  :发票号码
target:发票代码
filename:./data/image169.jpg
pred  :04986792
target:04386792
filename:./data/image170.jpg
pred  :统-社会信用代8
target:统一社会信用代码:
filename:./data/image172.jpg
pred  :叫车电话:966
target:叫车电话:96961
filename:./data/image173.jpg
pred  :监置电话:4I002
target:监督电话:64169292
filename:./data/image174.jpg
pred  :公间地止:吴中充16号
target:公司地址:吴中路16号
filename:./data/image178.jpg
pred  :上单
target:上车
filename:./data/image186.jpg
pred  :长0870)15:41
target:(K0870)15:41
filename:./data/image188.jpg
pred  :2.50元i
target:2.50元
filename:./data/image191.jpg
pred  :18.00元
target:16.00元
filename:./data/image193.jpg
pred  :发票代明
target:发票代码
filename:./data/image194.jpg
pred  :16300T707090
target:163001707090
filename:./data/image197.jpg
pred  :单租
target:单位
filename:./data/image198.jpg
pred  :125456739012
target:123456789012
filename:./data/image199.jpg
pred  :监务电话
target:监督电话
filename:./data/image202.jpg
pred  :-T4206
target:A-T4205
filename:./data/image204.jpg
pred  :12345673
target:12345678
filename:./data/image206.jpg
pred  :2019405月29日
target:2019年05月29日
filename:./data/image208.jpg
pred  :3:00-13:03
target:18:00-18:03
filename:./data/image210.jpg
pred  :160528
target:1.60元/公里
filename:./data/image211.jpg
pred  :里租
target:里程
filename:./data/image212.jpg
pred  :1.43码
target:1.4公里
filename:./data/image213.jpg
pred  :等候
target:等待
filename:./data/image214.jpg
pred  :50:08.00
target:00:00:00
filename:./data/image219.jpg
pred  :实收今额
target:实收金额
filename:./data/image220.jpg
pred  :-3
target:卡号
filename:./data/image221.jpg
pred  :-A余额
target:卡余额
filename:./data/image222.jpg
pred  :查名间家税务):用和大专票
target:青海省国家税务局通用机打发票
filename:./data/image223.jpg
pred  :专里联
target:发票联
filename:./data/image224.jpg
pred  :AX1
target:TAXI
filename:./data/image225.jpg
pred  :发误局
target:发票代码
filename:./data/image237.jpg
pred  :金颖
target:金额
filename:./data/image239.jpg
pred  :实收今额
target:实收金额
filename:./data/image240.jpg
pred  :发
target:卡号
filename:./data/image241.jpg
pred  :请y机
target:卡原额
filename:./data/image242.jpg
pred  :NS额
target:卡余额
filename:./data/image243.jpg
pred  :校宗专用章
target:发票专用章
filename:./data/image244.jpg
pred  :Company
target:company
filename:./data/image245.jpg
pred  :Tt
target:Tel
filename:./data/image246.jpg
pred  :TaiNo.
target:Taxi No.
filename:./data/image249.jpg
pred  :Price perkm
target:Price per km
filename:./data/image250.jpg
pred  :Disance
target:Distance
filename:./data/image251.jpg
pred  :Waitingtime
target:Waiting time
filename:./data/image252.jpg
pred  :3tate
target:State
filename:./data/image255.jpg
pred  :23456739012
target:123456789012
filename:./data/image256.jpg
pred  :4-T4205
target:A-T4205
filename:./data/image257.jpg
pred  :123存567号
target:12345678
filename:./data/image258.jpg
pred  :2019405月29B
target:2019年05月29日
filename:./data/image259.jpg
pred  :8:20-18:27
target:10:20-18:27
filename:./data/image260.jpg
pred  :2.42理
target:2.4公里
filename:./data/image261.jpg
pred  :可0:90,36
target:00:02:36
filename:./data/image263.jpg
pred  :9项0示
target:9.00元
filename:./data/image264.jpg
pred  :16300T707090
target:163001707090
filename:./data/image266.jpg
pred  :熏需通用机行发》
target:青海省国家税务局通用机打发票
filename:./data/image268.jpg
pred  :发票代号
target:发票代码
filename:./data/image270.jpg
pred  :163007707090
target:163001707090
filename:./data/image274.jpg
pred  :compamy
target:Company
filename:./data/image278.jpg
pred  :车寻
target:车号
filename:./data/image279.jpg
pred  :IaiNo.
target:Taxi No.
filename:./data/image281.jpg
pred  :CertificateNo
target:Certificate No.
filename:./data/image287.jpg
pred  :Pnieeperkn
target:Price per km
filename:./data/image291.jpg
pred  :Waitinntime
target:Waiting time
filename:./data/image296.jpg
pred  :预约叫车服务带
target:预约叫车服务费
filename:./data/image297.jpg
pred  :实收全颖
target:实收金额
filename:./data/image298.jpg
pred  :
target:卡号
filename:./data/image299.jpg
pred  :卡余额发
target:卡余额
filename:./data/image301.jpg
pred  :160元8里
target:1.60元/公里
filename:./data/image302.jpg
pred  :9-T3963
target:A-T3863
filename:./data/image304.jpg
pred  :江下通用媒票
target:江西通用机打发票
filename:./data/image307.jpg
pred  :中36007934002
target:136001934002
filename:./data/image310.jpg
pred  :专地02:www.otxx-jx.qov.cm
target:发票查阅地址:www.etux--jx.gov.cn
filename:./data/image311.jpg
pred  :发余查税排电6:0731-20o
target:发票查询举报电话:0791--12366
filename:./data/image315.jpg
pred  :江四式
target:江西大众
filename:./data/image316.jpg
pred  :66100786
target:88100786
filename:./data/image317.jpg
pred  :-11XS7
target:A-11X37
filename:./data/image318.jpg
pred  :30710号
target:307108
filename:./data/image319.jpg
pred  :2019年12那0B
target:2019年12月30日
filename:./data/image322.jpg
pred  :上在
target:上车
filename:./data/image329.jpg
pred  :23a13
target:23:13
filename:./data/image330.jpg
pred  :23134
target:23:34
filename:./data/image331.jpg
pred  :3.758理
target:3.75元/公里
filename:./data/image332.jpg
pred  :12.S8里)
target:12.5公里
filename:./data/image333.jpg
pred  :00104.42
target:00:04.42
filename:./data/image334.jpg
pred  :43-40元
target:43.40元
filename:./data/image335.jpg
pred  :名0通附账领号
target:通用机打发票
filename:./data/image336.jpg
pred  :发票明
target:发票联
filename:./data/image337.jpg
pred  :票
target:发票代码
filename:./data/image339.jpg
pred  :转销
target:发票号码
filename:./data/image341.jpg
pred  :物价旅情电话:
target:物价监督电话:
filename:./data/image343.jpg
pred  :12368
target:12358
filename:./data/image344.jpg
pred  :库号
target:车号
filename:./data/image345.jpg
pred  :证考
target:证号
filename:./data/image347.jpg
pred  :上单
target:上车
filename:./data/image350.jpg
pred  :里租
target:里程
filename:./data/image351.jpg
pred  :等横
target:等候
filename:./data/image353.jpg
pred  :TH510
target:ATH510
filename:./data/image354.jpg
pred  :00962251855
target:(0096)251835
filename:./data/image355.jpg
pred  :2820-03-20
target:2020-03-20
filename:./data/image356.jpg
pred  :18:14
target:16:14
filename:./data/image358.jpg
pred  :3.75元业
target:3.75元/公里
filename:./data/image359.jpg
pred  :19.km
target:19.9km
filename:./data/image362.jpg
pred  :江产通用市打发票
target:江西通用机打发票
filename:./data/image363.jpg
pred  :发票题
target:发票联
filename:./data/image368.jpg
pred  :发票查价举报电话: 0701-1236B
target:发票查询举报电话:0791--12366
filename:./data/image373.jpg
pred  :订
target:日期
filename:./data/image377.jpg
pred  :里租
target:里程
filename:./data/image381.jpg
pred  :省西额
target:省西湖
filename:./data/image383.jpg
pred  :P-9X385
target:A-9X885
filename:./data/image385.jpg
pred  :01911202B
target:2019年12月02日
filename:./data/image386.jpg
pred  :12:08
target:12：08
filename:./data/image387.jpg
pred  :12:32
target:12：32
filename:./data/image388.jpg
pred  :S.15元2理
target:3.15元/公里
filename:./data/image389.jpg
pred  :17.58
target:17.5公里
filename:./data/image392.jpg
pred  :江办通用机打要票
target:江苏通用机打发票
filename:./data/image394.jpg
pred  :发票代码:
target:发票代码：132101981210
filename:./data/image395.jpg
pred  :发票号码:
target:发票号码：
filename:./data/image397.jpg
pred  :监怪电话:
target:监督电话:
filename:./data/image398.jpg
pred  :市物价局:
target:市物价局：
filename:./data/image400.jpg
pred  :市多管处:
target:市客管处：
filename:./data/image403.jpg
pred  :电语
target:电话
filename:./data/image407.jpg
pred  :上不
target:上车
filename:./data/image413.jpg
pred  :发
target:宏达出租
filename:./data/image414.jpg
pred  :3788国158.
target:87811158
filename:./data/image415.jpg
pred  :k6998
target:K-W6998
filename:./data/image416.jpg
pred  :1413189
target:141318
filename:./data/image417.jpg
pred  :292040:月11B
target:2020年03月11日
filename:./data/image418.jpg
pred  :附2:17
target:08:17
filename:./data/image419.jpg
pred  :88:41
target:08:41
filename:./data/image420.jpg
pred  :2.40元2理
target:2.4元/公里
filename:./data/image421.jpg
pred  :.420
target:6.4公里
filename:./data/image422.jpg
pred  :00:58.13
target:00:08.13
filename:./data/image423.jpg
pred  :24.805
target:21.00元
filename:./data/image424.jpg
pred  :新额00确账模代票
target:浙江省国务税务局通用机打发票
filename:./data/image426.jpg
pred  :真票中月
target:发票代码
filename:./data/image428.jpg
pred  :寄销
target:发票号码
filename:./data/image431.jpg
pred  :市国舰局
target:市国税局
filename:./data/image432.jpg
pred  :12306
target:12366
filename:./data/image435.jpg
pred  :965Me
target:96520
filename:./data/image436.jpg
pred  :123583
target:12358
filename:./data/image437.jpg
pred  :单位
target:单位:
filename:./data/image443.jpg
pred  :单价
target:单价:
filename:./data/image444.jpg
pred  :里程
target:里程:
filename:./data/image446.jpg
pred  :金额:
target:金额
filename:./data/image447.jpg
pred  :51020504
target:01020304
filename:./data/image448.jpg
pred  :名9e90313
target:38360119
filename:./data/image449.jpg
pred  :015093
target:C-T5093
filename:./data/image451.jpg
pred  :28417
target:20:13
filename:./data/image452.jpg
pred  :2035
target:20:35
filename:./data/image453.jpg
pred  :75
target:3.75
filename:./data/image454.jpg
pred  :68
target:16.3
filename:./data/image455.jpg
pred  :002115
target:00:02:15
filename:./data/image456.jpg
pred  :56:00
target:54.00
filename:./data/image457.jpg
pred  :选部租有司
target:运出租有限公司
filename:./data/image459.jpg
pred  :发票状码
target:发票代码
filename:./data/image465.jpg
pred  :价格车推
target:价格举报
filename:./data/image467.jpg
pred  :市出管戏
target:市出管站
filename:./data/image468.jpg
pred  :96520)
target:96520
filename:./data/image469.jpg
pred  :单位
target:单位:
filename:./data/image470.jpg
pred  :电话
target:电话:
filename:./data/image473.jpg
pred  ::
target:日期:
filename:./data/image474.jpg
pred  :上车
target:上车:
filename:./data/image475.jpg
pred  :F车
target:下车:
filename:./data/image476.jpg
pred  :半价
target:单价:
filename:./data/image477.jpg
pred  :里租
target:里程:
filename:./data/image478.jpg
pred  :等候
target:等候:
filename:./data/image479.jpg
pred  :全额
target:金额:
filename:./data/image482.jpg
pred  :GGt21
target:GG0N21
filename:./data/image485.jpg
pred  :3a*
target:13:17
filename:./data/image490.jpg
pred  :发票.联
target:发票联
filename:./data/image491.jpg
pred  :发代
target:发票代码
filename:./data/image493.jpg
pred  :码
target:发票号码
filename:./data/image495.jpg
pred  :为价监督电话:
target:物价监督电话:
filename:./data/image497.jpg
pred  :12368
target:12358
filename:./data/image499.jpg
pred  :性号
target:证号
filename:./data/image506.jpg
pred  :全额
target:金额
filename:./data/image507.jpg
pred  :AT4042
target:A.T4042
filename:./data/image508.jpg
pred  :（0049)247583
target:(0049)247399
filename:./data/image510.jpg
pred  :09:22
target:08:22
filename:./data/image512.jpg
pred  :3.75条次m
target:3.75元/km
filename:./data/image513.jpg
pred  :17.8电
target:17.6km
filename:./data/image514.jpg
pred  :00:15:0
target:00:15:10
filename:./data/image515.jpg
pred  :72.00
target:72.00元
filename:./data/image516.jpg
pred  :800用报存发票
target:浙江通用机打发票
filename:./data/image517.jpg
pred  :票收9
target:发票代码
filename:./data/image518.jpg
pred  :代票码
target:发票号码
filename:./data/image530.jpg
pred  :里租
target:里程
filename:./data/image533.jpg
pred  :002
target:AT0002
filename:./data/image534.jpg
pred  :00902223171
target:(0090)228171
filename:./data/image535.jpg
pred  :2000-01-13
target:2020-01-03
filename:./data/image537.jpg
pred  :21306
target:01:45
filename:./data/image538.jpg
pred  :.508km
target:4.50元/km
filename:./data/image539.jpg
pred  :10.0k0
target:10.0km
filename:./data/image540.jpg
pred  :00:2739
target:00:07.39
filename:./data/image541.jpg
pred  :41.00i
target:41.00元
filename:./data/image542.jpg
pred  :k纠码
target:发票代码
filename:./data/image543.jpg
pred  :发额号9
target:发票号码
filename:./data/image546.jpg
pred  :收价监督也活:
target:物价监督电话:
filename:./data/image552.jpg
pred  :上4
target:上车
filename:./data/image555.jpg
pred  :里准
target:里程
filename:./data/image557.jpg
pred  :全赛
target:金额
filename:./data/image558.jpg
pred  :TE737
target:.TE737
filename:./data/image559.jpg
pred  :1)250791
target:1)250790
filename:./data/image560.jpg
pred  :001-08
target:20-01-08
filename:./data/image561.jpg
pred  :053
target:22.53
filename:./data/image563.jpg
pred  :号.50元km
target:4.50元/km
filename:./data/image565.jpg
pred  :00:1::83
target:00:11:03
filename:./data/image566.jpg
pred  :44.005
target:44.00元
filename:./data/image568.jpg
pred  :保码
target:发票代码
filename:./data/image569.jpg
pred  :发务集
target:发票号码
filename:./data/image572.jpg
pred  :物资监管电话:
target:物价监督电话:
filename:./data/image576.jpg
pred  :任
target:证号
filename:./data/image581.jpg
pred  :里税
target:单程
filename:./data/image584.jpg
pred  :.E737
target:.TE737
filename:./data/image585.jpg
pred  :19250791
target:1)250791
filename:./data/image586.jpg
pred  :20401-08
target:20-01-08
filename:./data/image587.jpg
pred  ::20
target:20:20
filename:./data/image589.jpg
pred  :2.50元km
target:2.50元/km
filename:./data/image591.jpg
pred  :00:87:S5
target:00:07:35
filename:./data/image594.jpg
pred  :账日
target:发票代码
filename:./data/image596.jpg
pred  :发号码
target:发票号码
filename:./data/image598.jpg
pred  :收价监青电话:
target:物价监督电话:
filename:./data/image606.jpg
pred  :件价
target:单价
filename:./data/image607.jpg
pred  :里租
target:里程
filename:./data/image610.jpg
pred  :9.T8292
target:A.T0292
filename:./data/image611.jpg
pred  :(80960235049
target:(0096)235049
filename:./data/image612.jpg
pred  :2020-01-19
target:2020-01-18
filename:./data/image614.jpg
pred  :11:35
target:11:33
filename:./data/image615.jpg
pred  :3.75元m
target:3.75元/km
filename:./data/image616.jpg
pred  :23.3k
target:23.3km
filename:./data/image618.jpg
pred  :93.0a元
target:93.00元
filename:./data/image619.jpg
pred  :人求码
target:发票代码
filename:./data/image620.jpg
pred  :理
target:发票号码
filename:./data/image623.jpg
pred  :地价监督电近:
target:物价监督电话:
filename:./data/image624.jpg
pred  :12326
target:12328
filename:./data/image631.jpg
pred  :单份
target:单价
filename:./data/image634.jpg
pred  :全额
target:金额
filename:./data/image635.jpg
pred  :473108
target:A.T3108
filename:./data/image636.jpg
pred  :0237)245786
target:(0237)245706
filename:./data/image640.jpg
pred  :2.50ikm
target:2.50元/km
filename:./data/image643.jpg
pred  :59.00元
target:39.00元
filename:./data/image645.jpg
pred  :发票代联
target:发票代码
filename:./data/image647.jpg
pred  :代待码
target:发票号码
filename:./data/image649.jpg
pred  :地价里者电话:
target:物价监督电话:
filename:./data/image650.jpg
pred  :12323
target:12328
filename:./data/image652.jpg
pred  :海号
target:车号
filename:./data/image656.jpg
pred  :下年
target:下车
filename:./data/image661.jpg
pred  :9.T9726
target:A.T9726
filename:./data/image663.jpg
pred  :2019-1230
target:2019-12-30
filename:./data/image666.jpg
pred  :3.75元收
target:3.75元/km
filename:./data/image667.jpg
pred  :13.5款m
target:13,5km
filename:./data/image671.jpg
pred  :集码
target:发票代码
filename:./data/image672.jpg
pred  :发务期
target:发票号码
filename:./data/image677.jpg
pred  :12368
target:12358
filename:./data/image680.jpg
pred  :目期
target:日期
filename:./data/image682.jpg
pred  :F车
target:下车
filename:./data/image685.jpg
pred  :导候
target:等候
filename:./data/image686.jpg
pred  :全额
target:金额
filename:./data/image687.jpg
pred  :T9957
target:A.T9667
filename:./data/image689.jpg
pred  :2018-12-14
target:2019-12-14
filename:./data/image692.jpg
pred  :2,50司
target:2.50元
filename:./data/image693.jpg
pred  :8.6k0
target:6.6km
filename:./data/image694.jpg
pred  :02106.41
target:00:06.41
filename:./data/image695.jpg
pred  :25.88元
target:25.00元
filename:./data/image696.jpg
pred  :发属
target:发票代码
filename:./data/image697.jpg
pred  :票科
target:发票号码
filename:./data/image699.jpg
pred  :02005137
target:020051037
filename:./data/image700.jpg
pred  :收价监骨电话:
target:物价监督电话:
filename:./data/image707.jpg
pred  :下来
target:下车
filename:./data/image712.jpg
pred  :T与57
target:AT5573
filename:./data/image713.jpg
pred  :00952018756:
target:(0096)016756
filename:./data/image716.jpg
pred  :20143
target:00:45
filename:./data/image717.jpg
pred  :753
target:3.75元
filename:./data/image718.jpg
pred  :15.3Cm
target:15.3km
filename:./data/image719.jpg
pred  :隐0:09.29
target:00：09.05
filename:./data/image721.jpg
pred  :账0账r算发
target:浙江通用机打发票
filename:./data/image722.jpg
pred  :发.票.联
target:发票联
filename:./data/image723.jpg
pred  :保票代号
target:发票代码
filename:./data/image724.jpg
pred  :收务国
target:发票号码
filename:./data/image727.jpg
pred  :12368
target:12358
filename:./data/image733.jpg
pred  :半价
target:单价
filename:./data/image734.jpg
pred  :里辑
target:里程
filename:./data/image736.jpg
pred  :全额
target:金额
filename:./data/image737.jpg
pred  :9.Ta350
target:A.TA950
filename:./data/image740.jpg
pred  :29:53
target:20:58
filename:./data/image742.jpg
pred  :2.50元.代m
target:2.50元/km
filename:./data/image743.jpg
pred  :9.8k
target:9,8km
filename:./data/image745.jpg
pred  :37.005
target:37.00元
filename:./data/image746.jpg
pred  :发票.联
target:发票联
filename:./data/image747.jpg
pred  :联码
target:发票代码
filename:./data/image748.jpg
pred  :发行程
target:发票号码
filename:./data/image757.jpg
pred  :上东
target:上车
filename:./data/image762.jpg
pred  :全额
target:金额
filename:./data/image764.jpg
pred  :0096)217648
target:(0096)217648
filename:./data/image765.jpg
pred  :2019-1209
target:2019-12-09
filename:./data/image768.jpg
pred  :4.50元次m
target:4.50元/km
filename:./data/image769.jpg
pred  :10.4k
target:10.4km
filename:./data/image770.jpg
pred  :00:0735
target:00:07:35
filename:./data/image772.jpg
pred  :上海大和明5(收公司
target:上海大众星光出租汽车有限公司
filename:./data/image773.jpg
pred  :车费发票
target:车票发票
filename:./data/image776.jpg
pred  :发票号
target:发票号码:
filename:./data/image778.jpg
pred  :统一社会信用代
target:统一社会信用代码
filename:./data/image779.jpg
pred  :913101131328071210
target:913101131328071211
filename:./data/image781.jpg
pred  :监管电话:625807800
target:监督电话:62580780
filename:./data/image782.jpg
pred  :地4:共和濒路3252号
target:地址:共和新路5252号
filename:./data/image786.jpg
pred  :上单
target:上车
filename:./data/image792.jpg
pred  :05902
target:GU5902
filename:./data/image794.jpg
pred  :290-04-09
target:2020-04-08
filename:./data/image795.jpg
pred  :探0970)23:47
target:(K0870)23:47
filename:./data/image800.jpg
pred  :62.00a
target:62.00元
filename:./data/image801.jpg
pred  :上海购存5审收分限公司
target:上海锦江汽车服务有限公司
filename:./data/image803.jpg
pred  :发票伏码
target:发票代码:
filename:./data/image805.jpg
pred  :发票号:
target:发票号码:
filename:./data/image806.jpg
pred  :%-社会部用代3
target:统一社会信用代码:
filename:./data/image807.jpg
pred  :013100001337136707
target:913100001337367678
filename:./data/image808.jpg
pred  :叫电后:Mo0i
target:叫车电话:96961
filename:./data/image809.jpg
pred  :监超电后60元8
target:监督电话:64169292
filename:./data/image810.jpg
pred  :公司地中只除0发
target:公司地址:吴中路16号
filename:./data/image814.jpg
pred  :i项
target:上车
filename:./data/image820.jpg
pred  :907281
target:G・U7261
filename:./data/image821.jpg
pred  :001318
target:091518
filename:./data/image823.jpg
pred  :0PC01320
target:(K0807)13:20
filename:./data/image824.jpg
pred  :1332
target:13:32
filename:./data/image825.jpg
pred  :2.50司
target:2.50元
filename:./data/image826.jpg
pred  :6,3Km
target:6.3km
filename:./data/image828.jpg
pred  :26.00i
target:26.00元
filename:./data/image829.jpg
pred  :余电调费
target:含电调费
filename:./data/image830.jpg
pred  :3元
target:0元
filename:./data/image831.jpg
pred  :潜迪附如0
target:燃油附加费
filename:./data/image832.jpg
pred  :0.0请
target:0.0元
filename:./data/image833.jpg
pred  :山东通用机却发票
target:山东通用机打发票
filename:./data/image839.jpg
pred  :单位代码编
target:发票代码:
filename:./data/image840.jpg
pred  :示行
target:东方
filename:./data/image842.jpg
pred  :080206S3
target:08020669
filename:./data/image843.jpg
pred  :车号:鲁
target:车号：鲁
filename:./data/image844.jpg
pred  :AT5059
target:QT5059
filename:./data/image846.jpg
pred  :300000
target:000000
filename:./data/image849.jpg
pred  :202004-07
target:2020-04-07
filename:./data/image850.jpg
pred  :下车
target:下车:
filename:./data/image853.jpg
pred  :务候:
target:等候:
filename:./data/image855.jpg
pred  :全额:
target:金额
filename:./data/image856.jpg
pred  :4:31
target:14：31
filename:./data/image857.jpg
pred  :4:40
target:14:40
filename:./data/image860.jpg
pred  :0e:07741"
target:00:07'41"
filename:./data/image863.jpg
pred  :尔市出世收车专用发票
target:北京市出租汽车专用发票
filename:./data/image864.jpg
pred  ::发票联
target:发票联
filename:./data/image865.jpg
pred  :NVO1C8
target:INVOICE
filename:./data/image868.jpg
pred  :单信
target:单位
filename:./data/image869.jpg
pred  :Commpamy
target:Company
filename:./data/image870.jpg
pred  :日话
target:电话:
filename:./data/image871.jpg
pred  :Teir
target:Tel
filename:./data/image874.jpg
pred  :TaxiN0.
target:Taxi No.
filename:./data/image877.jpg
pred  :0ete
target:Date
filename:./data/image880.jpg
pred  :5-P7766
target:B-P7766
filename:./data/image883.jpg
pred  :2019-00-19
target:2019-06-19
filename:./data/image884.jpg
pred  :13:09-19:34
target:19:09-19:34
filename:./data/image887.jpg
pred  :00:2:35
target:00:02:35
filename:./data/image889.jpg
pred  :48,70
target:48.70
filename:./data/image890.jpg
pred  :.00
target:1.00
filename:./data/image891.jpg
pred  :000
target:6.00
filename:./data/image896.jpg
pred  :人态
target:状态
filename:./data/image898.jpg
pred  :票油附加费
target:燃油附加费
filename:./data/image899.jpg
pred  :预约限车服务提
target:预约叫车服务费
filename:./data/image900.jpg
pred  :实载务
target:实收金额
filename:./data/image902.jpg
pred  :有
target:卡原额
filename:./data/image904.jpg
pred  :客配
target:密码
filename:./data/image905.jpg
pred  :出租汽车专用发票
target:北京市出租汽车专用发票
filename:./data/image907.jpg
pred  :tVoic号
target:INVOICE
filename:./data/image914.jpg
pred  :80123050
target:80129050
filename:./data/image915.jpg
pred  :E-10Y11
target:80129050
filename:./data/image916.jpg
pred  :018496
target:318496
filename:./data/image917.jpg
pred  :2013-12-25
target:2019-12-25
filename:./data/image918.jpg
pred  :13:32-13:39
target:13:32-13:38
filename:./data/image921.jpg
pred  :00:01:50
target:00:01:59
filename:./data/image923.jpg
pred  :单13.00
target:13.00
filename:./data/image924.jpg
pred  :*1.00
target:1.00
filename:./data/image926.jpg
pred  :100
target:14.00
filename:./data/image929.jpg
pred  :求
target:京
filename:./data/image930.jpg
pred  :Tai No
target:Taxi No.
filename:./data/image933.jpg
pred  :0日LG
target:Date
filename:./data/image935.jpg
pred  :imn8
target:Time
filename:./data/image937.jpg
pred  :Fi0a pDrkm
target:Price per km
filename:./data/image938.jpg
pred  :电程
target:里程
filename:./data/image941.jpg
pred  :状有
target:状态
filename:./data/image944.jpg
pred  :预续川车服务费
target:预约叫车服务费
filename:./data/image946.jpg
pred  :卡
target:卡号
filename:./data/image947.jpg
pred  :卡成额
target:卡原额
filename:./data/image949.jpg
pred  :发丰用
target:发票专用章
filename:./data/image950.jpg
pred  :中原市出租汽车专周及票
target:北京市出租汽车专用发票
filename:./data/image951.jpg
pred  :发取联
target:发票联
filename:./data/image952.jpg
pred  :hQ1cc
target:INVOICE
filename:./data/image959.jpg
pred  :期
target:日期
filename:./data/image960.jpg
pred  :时局
target:时间
filename:./data/image963.jpg
pred  :快
target:等候
filename:./data/image964.jpg
pred  :状溃
target:状态
filename:./data/image966.jpg
pred  :屠油附D费
target:燃油附加费
filename:./data/image967.jpg
pred  :预单车型务算
target:预约叫车服务费
filename:./data/image968.jpg
pred  :实数全领
target:实收金额
filename:./data/image969.jpg
pred  :卡算
target:卡号
filename:./data/image970.jpg
pred  :卡算
target:卡原额
filename:./data/image971.jpg
pred  :卡余
target:卡余额
filename:./data/image972.jpg
pred  :60256547
target:60356347
filename:./data/image973.jpg
pred  :点
target:京
filename:./data/image974.jpg
pred  :B.R2155
target:B-R2155
filename:./data/image976.jpg
pred  :2220-01-14
target:2020-01-04
filename:./data/image980.jpg
pred  :0:30r17
target:00:30:17
filename:./data/image982.jpg
pred  :军23.00
target:28.00
filename:./data/image984.jpg
pred  :2900
target:29.00
filename:./data/image986.jpg
pred  :系市市租常车专用发票
target:北京市出租汽车专用发票
filename:./data/image987.jpg
pred  :发票识
target:发票联
filename:./data/image991.jpg
pred  :电消
target:电话
filename:./data/image993.jpg
pred  :成
target:京
filename:./data/image994.jpg
pred  :Tai N0
target:Taxi No.
filename:./data/image995.jpg
pred  :号
target:证号
filename:./data/image997.jpg
pred  :6713408
target:67194326
filename:./data/image998.jpg
pred  :B.RB372
target:B.R6372
filename:./data/image1000.jpg
pred  :2019-04-08
target:2019-04-09
filename:./data/image1003.jpg
pred  :4-5
target:4.5
filename:./data/image1004.jpg
pred  :0004:38
target:00:04:38
filename:./data/image1006.jpg
pred  :保18.80
target:18.80
filename:./data/image1007.jpg
pred  :客100
target:1.00
filename:./data/image1008.jpg
pred  :000
target:0.00
filename:./data/image1009.jpg
pred  :300.00
target:20.00
filename:./data/image1010.jpg
pred  :
target:日期
filename:./data/image1011.jpg
pred  :D9te
target:Date
filename:./data/image1012.jpg
pred  :时局
target:时间
filename:./data/image1013.jpg
pred  :TIme
target:Time
filename:./data/image1015.jpg
pred  :Fcerexm
target:Price per km
filename:./data/image1016.jpg
pred  :重在
target:里程
filename:./data/image1020.jpg
pred  :Fe
target:Fare
filename:./data/image1021.jpg
pred  :3tate
target:State
filename:./data/image1022.jpg
pred  :幕注北见资
target:燃油附加费
filename:./data/image1023.jpg
pred  :预叫车服务
target:预约叫车服务费
filename:./data/image1025.jpg
pred  :卡5
target:卡号
filename:./data/image1026.jpg
pred  :号
target:卡原额
filename:./data/image1027.jpg
pred  :卡东额
target:卡余额
filename:./data/image1028.jpg
pred  :预市出租汽车专用发票
target:北京市出租汽车专用发票
filename:./data/image1034.jpg
pred  :ccmmpam
target:Company
filename:./data/image1035.jpg
pred  :31335051
target:51335051
filename:./data/image1036.jpg
pred  :013569
target:B.U33692
filename:./data/image1039.jpg
pred  :5期
target:日期
filename:./data/image1040.jpg
pred  :0ete
target:Date
filename:./data/image1042.jpg
pred  :7ime
target:Time
filename:./data/image1043.jpg
pred  :单怕
target:单价
filename:./data/image1044.jpg
pred  :Prac0pxmn
target:Price per km
filename:./data/image1046.jpg
pred  :0Gtanae
target:Distance
filename:./data/image1047.jpg
pred  :等候
target:等待
filename:./data/image1048.jpg
pred  :WBtir0t0e
target:Waiting time
filename:./data/image1050.jpg
pred  :3tae
target:State
filename:./data/image1052.jpg
pred  :-30e-
target:Fare
filename:./data/image1053.jpg
pred  :锦油附加费
target:燃油附加费
filename:./data/image1054.jpg
pred  :预0山车取务数
target:预约叫车服务费
filename:./data/image1055.jpg
pred  :实收金领
target:实收金额
filename:./data/image1056.jpg
pred  :年
target:卡号
filename:./data/image1057.jpg
pred  :卡原项
target:卡原额
filename:./data/image1058.jpg
pred  :号余额
target:卡余额
filename:./data/image1062.jpg
pred  :00:07136
target:00:07:36
filename:./data/image1064.jpg
pred  :08.90
target:88.90
filename:./data/image1065.jpg
pred  :车1-00
target:1.00
filename:./data/image1066.jpg
pred  :字000
target:0.00
filename:./data/image1067.jpg
pred  :0000
target:90.00
filename:./data/image1068.jpg
pred  :央票春用言
target:发票专用章
filename:./data/image1069.jpg
pred  :MYQCE
target:INVOICE
filename:./data/image1071.jpg
pred  :0京市出租汽车专用发求
target:北京市出租汽车专用发票
filename:./data/image1072.jpg
pred  :失更联
target:发票联
filename:./data/image1073.jpg
pred  :INMOICE
target:INVOICE
filename:./data/image1076.jpg
pred  :
target:单位
filename:./data/image1077.jpg
pred  :Compary
target:Company
filename:./data/image1079.jpg
pred  :Te
target:Tel
filename:./data/image1082.jpg
pred  :ax N0.
target:Taxi No.
filename:./data/image1084.jpg
pred  :期
target:日期
filename:./data/image1085.jpg
pred  :08te
target:Date
filename:./data/image1086.jpg
pred  :可电
target:时间
filename:./data/image1087.jpg
pred  :TIme
target:Time
filename:./data/image1089.jpg
pred  :Boe0exm
target:Price per km
filename:./data/image1090.jpg
pred  :里
target:里程
filename:./data/image1091.jpg
pred  :D6te3CC
target:Distance
filename:./data/image1092.jpg
pred  :中候
target:等候
filename:./data/image1093.jpg
pred  :Watictme
target:Waiting time
filename:./data/image1095.jpg
pred  :8tate
target:State
filename:./data/image1096.jpg
pred  :云源
target:金额
filename:./data/image1097.jpg
pred  :rcTe
target:Fare
filename:./data/image1099.jpg
pred  :60521234
target:6052123
filename:./data/image1100.jpg
pred  :8-1479
target:B-R1479
filename:./data/image1101.jpg
pred  :200646
target:203646
filename:./data/image1102.jpg
pred  :2019-0-30
target:2019-09-30
filename:./data/image1103.jpg
pred  :19:1815:44
target:15:18-15:44
filename:./data/image1104.jpg
pred  :油附0类
target:燃油附加费
filename:./data/image1105.jpg
pred  :预加车服务理
target:预约叫车服务费
filename:./data/image1106.jpg
pred  :实收金额9
target:实收金额
filename:./data/image1107.jpg
pred  :卡行
target:卡号
filename:./data/image1108.jpg
pred  :果预额
target:卡原额
filename:./data/image1110.jpg
pred  :称3.0
target:43.00
filename:./data/image1111.jpg
pred  :0,00
target:0.00
filename:./data/image1113.jpg
pred  :*41.80
target:41.80
filename:./data/image1118.jpg
pred  :金t租含车专服发票
target:北京市出租汽车专用发票
filename:./data/image1123.jpg
pred  :pmmnanvy
target:Company
filename:./data/image1125.jpg
pred  :Te
target:Tel
filename:./data/image1126.jpg
pred  :年号
target:车号
filename:./data/image1127.jpg
pred  :TatKo.
target:Taxi No.
filename:./data/image1129.jpg
pred  :E号
target:证号
filename:./data/image1130.jpg
pred  :口期
target:日期
filename:./data/image1131.jpg
pred  :Cate
target:Date
filename:./data/image1133.jpg
pred  :83611883
target:83611888
filename:./data/image1134.jpg
pred  :-2202
target:B-V2302
filename:./data/image1136.jpg
pred  :09:46-00:25
target:08:46-09:25
filename:./data/image1137.jpg
pred  :3.43
target:3.45
filename:./data/image1142.jpg
pred  :单1.00
target:1.00
filename:./data/image1143.jpg
pred  :8.00
target:0.00
filename:./data/image1144.jpg
pred  :5.00
target:56.00
filename:./data/image1145.jpg
pred  :发里专日专
target:发票专用章
filename:./data/image1146.jpg
pred  :卡余
target:卡余额
filename:./data/image1147.jpg
pred  :0间
target:时间
filename:./data/image1148.jpg
pred  :Tir
target:Time
filename:./data/image1150.jpg
pred  :P0e0:kn
target:Price per km
filename:./data/image1152.jpg
pred  :0etance
target:Distance
filename:./data/image1154.jpg
pred  :WatingiTe
target:Waiting time
filename:./data/image1155.jpg
pred  :X态
target:状态
filename:./data/image1156.jpg
pred  :8c8e
target:State
filename:./data/image1157.jpg
pred  :Fi
target:Fare
filename:./data/image1158.jpg
pred  :务知市加费
target:燃油附加费
filename:./data/image1159.jpg
pred  :额约山车报务算
target:预约叫车服务费
filename:./data/image1160.jpg
pred  :买收一额
target:实收金额
filename:./data/image1161.jpg
pred  :卡善
target:卡号
filename:./data/image1162.jpg
pred  :业条消希善亚专用票
target:北京市出租汽车专用发票
filename:./data/image1166.jpg
pred  :C0mpesy
target:Company
filename:./data/image1169.jpg
pred  :TeI
target:Tel
filename:./data/image1170.jpg
pred  :季
target:车号
filename:./data/image1171.jpg
pred  :金XNo.
target:Taxi No.
filename:./data/image1174.jpg
pred  :U己租
target:Date
filename:./data/image1175.jpg
pred  :时月
target:Time
filename:./data/image1177.jpg
pred  :年
target:单价
filename:./data/image1178.jpg
pred  :Pham
target:Price per km
filename:./data/image1180.jpg
pred  :南et0
target:Distance
filename:./data/image1181.jpg
pred  :考费
target:等候
filename:./data/image1182.jpg
pred  :Waitigtie
target:Waiting time
filename:./data/image1183.jpg
pred  :X5
target:状态
filename:./data/image1184.jpg
pred  :Stgtt
target:State
filename:./data/image1185.jpg
pred  :今额
target:金额
filename:./data/image1187.jpg
pred  :加00费
target:燃油附加费
filename:./data/image1188.jpg
pred  :预终业库8务
target:预约叫车服务费
filename:./data/image1189.jpg
pred  :安尊
target:实收金额
filename:./data/image1190.jpg
pred  :市算
target:卡号
filename:./data/image1191.jpg
pred  :存成额
target:卡原额
filename:./data/image1192.jpg
pred  :专余额
target:卡余额
filename:./data/image1193.jpg
pred  :0129080
target:80129050
filename:./data/image1194.jpg
pred  :B2973
target:BR2973
filename:./data/image1198.jpg
pred  :2.3
target:2.30
filename:./data/image1199.jpg
pred  :1348
target:13.0
filename:./data/image1200.jpg
pred  :00108:59
target:00:08:39
filename:./data/image1202.jpg
pred  :省0-60
target:40.60
filename:./data/image1203.jpg
pred  :单100
target:1.00
filename:./data/image1204.jpg
pred  :客0.08
target:0.00
filename:./data/image1205.jpg
pred  :4200
target:42.00
filename:./data/image1206.jpg
pred  :发票电国京
target:发票专用章
filename:./data/image1207.jpg
pred  :l京市准和空至专用发票
target:北京市出租汽车专用发票
filename:./data/image1212.jpg
pred  :Compamy
target:Company
filename:./data/image1214.jpg
pred  :T
target:Tel
filename:./data/image1216.jpg
pred  :求
target:京
filename:./data/image1219.jpg
pred  :0ate
target:Date
filename:./data/image1220.jpg
pred  :时0
target:时间
filename:./data/image1223.jpg
pred  :pi0c pcrk
target:Price per km
filename:./data/image1224.jpg
pred  :主程
target:里程
filename:./data/image1225.jpg
pred  :8tamca
target:Distance
filename:./data/image1226.jpg
pred  :等快
target:等候
filename:./data/image1227.jpg
pred  :WMltintiC
target:Waiting time
filename:./data/image1228.jpg
pred  :状素
target:状态
filename:./data/image1229.jpg
pred  :8tete
target:State
filename:./data/image1230.jpg
pred  :金算
target:金额
filename:./data/image1232.jpg
pred  :原2知收删费
target:燃油附加费
filename:./data/image1233.jpg
pred  :预约出车服务费
target:预约叫车服务费
filename:./data/image1234.jpg
pred  :实收武额
target:实收金额
filename:./data/image1236.jpg
pred  :年票额
target:卡原额
filename:./data/image1238.jpg
pred  :001
target:0015
filename:./data/image1239.jpg
pred  :84903835
target:84903935
filename:./data/image1240.jpg
pred  :8.T7569
target:B.T7366
filename:./data/image1244.jpg
pred  :250
target:2.30
filename:./data/image1245.jpg
pred  :S.8
target:6.8
filename:./data/image1246.jpg
pred  :0:60e51
target:00:00:51
filename:./data/image1249.jpg
pred  :学1.00
target:1.00
filename:./data/image1250.jpg
pred  :20p0
target:23.00
filename:./data/image1251.jpg
pred  :发票专国度
target:发票专用章
filename:./data/image1252.jpg
pred  :北京市出租汽车专用费
target:北京市出租汽车专用发票
filename:./data/image1253.jpg
pred  :8IINaJAXIS单C1MM0la
target:BEIJING TAXI SPECIAL INVOICE
filename:./data/image1255.jpg
pred  :请CE
target:INVOICE
filename:./data/image1258.jpg
pred  :单值
target:单位
filename:./data/image1259.jpg
pred  :0mTpan
target:Company
filename:./data/image1260.jpg
pred  :电活
target:电话
filename:./data/image1261.jpg
pred  :Te1
target:Tel
filename:./data/image1266.jpg
pred  :0.e.
target:Date
filename:./data/image1267.jpg
pred  :10
target:时间
filename:./data/image1269.jpg
pred  :生价
target:单价
filename:./data/image1270.jpg
pred  :0Goem
target:Price per km
filename:./data/image1271.jpg
pred  :重难
target:里程
filename:./data/image1272.jpg
pred  :08tarCe
target:Distance
filename:./data/image1274.jpg
pred  :WetiretTe
target:Waiting time
filename:./data/image1276.jpg
pred  :State.
target:State
filename:./data/image1277.jpg
pred  :许额
target:金额
filename:./data/image1278.jpg
pred  :Fae
target:Fare
filename:./data/image1279.jpg
pred  :怒往附打费
target:燃油附加费
filename:./data/image1280.jpg
pred  :原均叫车服务
target:预约叫车服务费
filename:./data/image1281.jpg
pred  :实以金额
target:实收金额
filename:./data/image1282.jpg
pred  :卡息
target:卡号
filename:./data/image1283.jpg
pred  :专
target:卡原额
filename:./data/image1285.jpg
pred  :1239
target:1234
filename:./data/image1286.jpg
pred  :92540525
target:82590525
filename:./data/image1287.jpg
pred  :B-8c76s
target:B-S6765
filename:./data/image1289.jpg
pred  :2019-0C-10
target:2019-03-10
filename:./data/image1290.jpg
pred  :12332-12:47
target:12:32-12:47
filename:./data/image1295.jpg
pred  :除380.30
target:30.30
filename:./data/image1296.jpg
pred  :案100.
target:1.00
filename:./data/image1297.jpg
pred  :00
target:0.00
filename:./data/image1298.jpg
pred  :节100
target:34.00
filename:./data/image1299.jpg
pred  :发票专用率
target:发票专用章
filename:./data/image1300.jpg
pred  :条的0收义单专原度票
target:北京市出租汽车专用发票
filename:./data/image1301.jpg
pred  :0INC0AXWSE0MN0IME
target:BEIJING TAXI SPECIAL INVOICE
filename:./data/image1302.jpg
pred  :4号更
target:发票联
filename:./data/image1303.jpg
pred  :MM0CE
target:INVOICE
filename:./data/image1305.jpg
pred  :85131521
target:85131527
filename:./data/image1307.jpg
pred  :Compey
target:Company
filename:./data/image1309.jpg
pred  :0
target:Tel
filename:./data/image1311.jpg
pred  :
target:京
filename:./data/image1312.jpg
pred  :Tai No.
target:Taxi No.
filename:./data/image1313.jpg
pred  :证日
target:证号
filename:./data/image1314.jpg
pred  :
target:日期
filename:./data/image1315.jpg
pred  :0日
target:时间
filename:./data/image1316.jpg
pred  :峰价
target:单价
filename:./data/image1317.jpg
pred  :Tim0
target:Time
filename:./data/image1318.jpg
pred  :09e
target:Date
filename:./data/image1319.jpg
pred  :eprc
target:Price per km
filename:./data/image1321.jpg
pred  :08terce
target:Distance
filename:./data/image1322.jpg
pred  :等像
target:等候
filename:./data/image1323.jpg
pred  :ta
target:Waiting time
filename:./data/image1324.jpg
pred  :态
target:状态
filename:./data/image1325.jpg
pred  :t0te
target:State
filename:./data/image1327.jpg
pred  :Fme
target:Fare
filename:./data/image1328.jpg
pred  :细对附加费
target:燃油附加费
filename:./data/image1329.jpg
pred  :预单车3金
target:预约叫车服务费
filename:./data/image1330.jpg
pred  :实0一额
target:实收金额
filename:./data/image1331.jpg
pred  :平电
target:卡号
filename:./data/image1332.jpg
pred  :示读顺
target:卡原额
filename:./data/image1333.jpg
pred  :卡余
target:卡余额
filename:./data/image1336.jpg
pred  :5-P6762
target:B-P5762
filename:./data/image1337.jpg
pred  :1740
target:187740
filename:./data/image1338.jpg
pred  :2013-05-14
target:2019-05-14
filename:./data/image1339.jpg
pred  :11a24-11120
target:11:24-11:38
filename:./data/image1342.jpg
pred  :00:0959
target:00:04:59
filename:./data/image1344.jpg
pred  :0.80
target:18.80
filename:./data/image1345.jpg
pred  :单1-00
target:1.00
filename:./data/image1346.jpg
pred  :年0
target:0.00
filename:./data/image1347.jpg
pred  :00
target:20.00
filename:./data/image1348.jpg
pred  :业条市出租汽车专用发票
target:北京市出租汽车专用发票
filename:./data/image1349.jpg
pred  :siN0TAI:CCAMIM00定
target:BEIJING TAXI SPECIAL INVOICE
filename:./data/image1350.jpg
pred  :1发票联
target:发票联
filename:./data/image1351.jpg
pred  :发票丰用单
target:发票专用章
filename:./data/image1355.jpg
pred  :0cToam
target:Company
filename:./data/image1359.jpg
pred  :8X1N.
target:Taxi No.
filename:./data/image1361.jpg
pred  :用
target:日期
filename:./data/image1362.jpg
pred  :用0
target:时间
filename:./data/image1364.jpg
pred  :展
target:里程
filename:./data/image1365.jpg
pred  :中候
target:等候
filename:./data/image1366.jpg
pred  :状意
target:状态
filename:./data/image1368.jpg
pred  :编油附加费
target:燃油附加费
filename:./data/image1369.jpg
pred  :预均叫车服费
target:预约叫车服务费
filename:./data/image1370.jpg
pred  :奏收一额
target:实收金额
filename:./data/image1371.jpg
pred  :卡错
target:卡号
filename:./data/image1372.jpg
pred  :卡清5项
target:卡原额
filename:./data/image1374.jpg
pred  :E17902
target:BU7662
filename:./data/image1376.jpg
pred  :10324-10:57
target:10:24-10:57
filename:./data/image1379.jpg
pred  :0:18:50
target:00:16:54
filename:./data/image1381.jpg
pred  :06.00
target:36.00
filename:./data/image1382.jpg
pred  :单1.00
target:1.00
filename:./data/image1383.jpg
pred  :年000
target:0.00
filename:./data/image1384.jpg
pred  :00
target:37.00
filename:./data/image1385.jpg
pred  ::系和租新柔审票
target:北京市出租汽车专用发票
filename:./data/image1386.jpg
pred  :3IMN0TA.SEM/MN0It
target:BEIJING TAXI SPECIAL INVOICE
filename:./data/image1387.jpg
pred  :0vo1eE
target:INVOICE
filename:./data/image1388.jpg
pred  :mataaw
target:Company
filename:./data/image1389.jpg
pred  :0ta
target:Date
filename:./data/image1390.jpg
pred  :上5+0
target:Distance
filename:./data/image1391.jpg
pred  :Waiet0e
target:Waiting time
filename:./data/image1392.jpg
pred  :71
target:Tel
filename:./data/image1393.jpg
pred  :7m0
target:Time
filename:./data/image1394.jpg
pred  :P0pt1
target:Price per km
filename:./data/image1395.jpg
pred  :See
target:State
filename:./data/image1396.jpg
pred  :7=
target:Fare
filename:./data/image1397.jpg
pred  :Tai No.
target:Taxi No.
filename:./data/image1398.jpg
pred  :■市
target:单位
filename:./data/image1399.jpg
pred  :用调
target:电话
filename:./data/image1400.jpg
pred  :等候
target:等待
filename:./data/image1403.jpg
pred  :东
target:京
filename:./data/image1404.jpg
pred  :9期
target:日期
filename:./data/image1405.jpg
pred  :选冲冲加类
target:燃油附加费
filename:./data/image1406.jpg
pred  :预约印车服组算
target:下车:
filename:./data/image1407.jpg
pred  :实收额
target:实收金额
filename:./data/image1408.jpg
pred  :有5
target:卡号
filename:./data/image1409.jpg
pred  :卡选服
target:卡原额
filename:./data/image1413.jpg
pred  :如
target:证号
filename:./data/image1414.jpg
pred  :金加
target:金额
filename:./data/image1416.jpg
pred  :块毒
target:状态
filename:./data/image1417.jpg
pred  :m遇
target:时间
filename:./data/image1419.jpg
pred  :53383123
target:63383123
filename:./data/image1420.jpg
pred  :B.R3p49g.
target:B.R9349
filename:./data/image1426.jpg
pred  :00:2743
target:00:07:49
filename:./data/image1428.jpg
pred  :ep0.30
target:30.30
filename:./data/image1429.jpg
pred  :单1.00
target:1.00
filename:./data/image1430.jpg
pred  :00
target:0.00
filename:./data/image1431.jpg
pred  :3000
target:3.00
filename:./data/image1432.jpg
pred  :发存
target:发票专用章
filename:./data/image1434.jpg
pred  :专用票
target:发票专用章
filename:./data/image1436.jpg
pred  :票号
target:等候
filename:./data/image1437.jpg
pred  :值
target:单位
filename:./data/image1438.jpg
pred  :用话
target:电话
filename:./data/image1439.jpg
pred  :菲号
target:车号
filename:./data/image1442.jpg
pred  :状潮
target:状态
filename:./data/image1444.jpg
pred  :预即车名集
target:预约叫车服务费
filename:./data/image1445.jpg
pred  :实联额
target:实收金额
filename:./data/image1446.jpg
pred  :票审和加费
target:燃油附加费
filename:./data/image1447.jpg
pred  :金镇
target:金额
filename:./data/image1450.jpg
pred  :0间
target:时间
filename:./data/image1451.jpg
pred  :Corpan
target:Company
filename:./data/image1452.jpg
pred  :0TtiiCat N0
target:Certificate No.
filename:./data/image1453.jpg
pred  :Ta) N0
target:Taxi No.
filename:./data/image1454.jpg
pred  :T0
target:Tel
filename:./data/image1455.jpg
pred  :D0Re
target:Date
filename:./data/image1456.jpg
pred  :rime
target:Time
filename:./data/image1457.jpg
pred  :Pi0epetkm
target:Price per km
filename:./data/image1458.jpg
pred  :0tac0
target:Distance
filename:./data/image1459.jpg
pred  :WWauiete
target:Waiting time
filename:./data/image1460.jpg
pred  :8tete
target:State
filename:./data/image1461.jpg
pred  :F0e
target:Fare
filename:./data/image1462.jpg
pred  :
target:卡号
filename:./data/image1463.jpg
pred  :票算
target:卡原额
filename:./data/image1464.jpg
pred  :余
target:卡余额
filename:./data/image1466.jpg
pred  :MV0lCE
target:INVOICE
filename:./data/image1468.jpg
pred  :00e
target:0008
filename:./data/image1470.jpg
pred  :0J119e
target:B-V1168
filename:./data/image1475.jpg
pred  :95
target:9.5
filename:./data/image1476.jpg
pred  :00:09票19
target:00:09:19
filename:./data/image1478.jpg
pred  :02.60
target:32.60
filename:./data/image1479.jpg
pred  :学1.00
target:1.00
filename:./data/image1480.jpg
pred  :泽3:00
target:0.00
filename:./data/image1481.jpg
pred  :3400
target:34.00
filename:./data/image1482.jpg
pred  :用京市出租汽车专用发票
target:北京市出租汽车专用发票
filename:./data/image1483.jpg
pred  :8MINGTAXI SFCIAeN0lr
target:BEIJING TAXI SPECIAL INVOICE
filename:./data/image1484.jpg
pred  :中务市电租海车专用
target:北京市出租汽车专用发票
filename:./data/image1485.jpg
pred  :发票联:
target:发票联
filename:./data/image1486.jpg
pred  :国ae5
target:INVOICE
filename:./data/image1489.jpg
pred  :单在
target:单位
filename:./data/image1491.jpg
pred  :务候
target:等待
filename:./data/image1492.jpg
pred  :号
target:车号
filename:./data/image1495.jpg
pred  :里日
target:里程
filename:./data/image1497.jpg
pred  :年
target:京
filename:./data/image1498.jpg
pred  :软态
target:状态
filename:./data/image1499.jpg
pred  :E9
target:证号
filename:./data/image1500.jpg
pred  :实收
target:实收金额
filename:./data/image1501.jpg
pred  :和外配三那在额
target:预约叫车服务费
filename:./data/image1502.jpg
pred  :你浊附加费
target:燃油附加费
filename:./data/image1503.jpg
pred  :专生
target:卡号
filename:./data/image1504.jpg
pred  :卡时
target:卡原额
filename:./data/image1505.jpg
pred  :卡额
target:卡余额
filename:./data/image1506.jpg
pred  :Ccrpamy
target:Company
filename:./data/image1507.jpg
pred  :Tai
target:Tel
filename:./data/image1508.jpg
pred  :Taxi N
target:Taxi No.
filename:./data/image1509.jpg
pred  :0emtificate N0.
target:Certificate No.
filename:./data/image1510.jpg
pred  :0ato
target:Date
filename:./data/image1512.jpg
pred  :r0 25)m
target:Price per km
filename:./data/image1513.jpg
pred  :页!C8
target:Distance
filename:./data/image1514.jpg
pred  :Wathmetme
target:Waiting time
filename:./data/image1516.jpg
pred  :Far0
target:Fare
filename:./data/image1517.jpg
pred  :国的
target:单价
filename:./data/image1519.jpg
pred  :38457131
target:138457181
filename:./data/image1520.jpg
pred  :E-75040
target:B-R5040
filename:./data/image1521.jpg
pred  :00857
target:303857
filename:./data/image1523.jpg
pred  :1120-11:24
target:11:04-11:24
filename:./data/image1525.jpg
pred  :0.0
target:9.0
filename:./data/image1526.jpg
pred  :00:05:19
target:00:03:19
filename:./data/image1528.jpg
pred  :单33.30
target:33.30
filename:./data/image1529.jpg
pred  :学1.00
target:1.00
filename:./data/image1530.jpg
pred  :号0.00
target:0.00
filename:./data/image1531.jpg
pred  :用000
target:31.00
filename:./data/image1532.jpg
pred  :发票专用票
target:发票专用章
filename:./data/image1533.jpg
pred  :中东市附租汽军专用发票
target:北京市出租汽车专用发票
filename:./data/image1534.jpg
pred  :EMNGTAXI.SECA占N0l0t
target:BEIJING TAXI SPECIAL INVOICE
filename:./data/image1537.jpg
pred  :单话
target:电话
filename:./data/image1543.jpg
pred  :至
target:里程
filename:./data/image1544.jpg
pred  :解注物]费
target:燃油附加费
filename:./data/image1545.jpg
pred  :预车88务费
target:预约叫车服务费
filename:./data/image1546.jpg
pred  :实收务额附
target:实收金额
filename:./data/image1547.jpg
pred  :示号
target:卡号
filename:./data/image1549.jpg
pred  :卡东数
target:卡余额
filename:./data/image1550.jpg
pred  :状悉
target:状态
filename:./data/image1551.jpg
pred  :管号
target:证号
filename:./data/image1552.jpg
pred  :金领
target:金额
filename:./data/image1553.jpg
pred  :原
target:京
filename:./data/image1554.jpg
pred  :BD0952
target:BD09512
filename:./data/image1555.jpg
pred  :000e59
target:099658
filename:./data/image1557.jpg
pred  :22:22-22145
target:22:22-22:45
filename:./data/image1558.jpg
pred  :2-30
target:2.30
filename:./data/image1562.jpg
pred  :*3.70
target:33.70
filename:./data/image1563.jpg
pred  :*000
target:0.00
filename:./data/image1564.jpg
pred  :学0.00
target:0.00
filename:./data/image1565.jpg
pred  :军3中00
target:34.00
filename:./data/image1567.jpg
pred  :4NYC1CF
target:INVOICE
filename:./data/image1569.jpg
pred  :Y尔市出租汽车专用发票
target:北京市出租汽车专用发票
filename:./data/image1570.jpg
pred  :8IJINC审AX18ECI号NW0
target:BEIJING TAXI SPECIAL INVOICE
filename:./data/image1572.jpg
pred  :NMOIEE
target:INVOICE
filename:./data/image1576.jpg
pred  :C0mpany
target:Company
filename:./data/image1581.jpg
pred  :成
target:金额
filename:./data/image1585.jpg
pred  :里国
target:里程
filename:./data/image1587.jpg
pred  :累亲
target:状态
filename:./data/image1588.jpg
pred  :盘进期加费
target:燃油附加费
filename:./data/image1589.jpg
pred  :额约0年服务
target:预约叫车服务费
filename:./data/image1590.jpg
pred  :实应额
target:实收金额
filename:./data/image1591.jpg
pred  :卡房额
target:卡原额
filename:./data/image1592.jpg
pred  :卡余
target:卡余额
filename:./data/image1593.jpg
pred  :卡
target:卡号
filename:./data/image1594.jpg
pred  :证号.
target:证号
filename:./data/image1595.jpg
pred  :[ax No.
target:Taxi No.
filename:./data/image1596.jpg
pred  :08te
target:Date
filename:./data/image1597.jpg
pred  :TIe
target:Time
filename:./data/image1598.jpg
pred  :D8ta10e.
target:Distance
filename:./data/image1599.jpg
pred  :Watimgtme
target:Waiting time
filename:./data/image1600.jpg
pred  :teto
target:State
filename:./data/image1602.jpg
pred  :001
target:0001
filename:./data/image1603.jpg
pred  :1016678
target:10105678
filename:./data/image1604.jpg
pred  :E21527
target:BZ1527
filename:./data/image1605.jpg
pred  :100009005
target:1100005086
filename:./data/image1606.jpg
pred  :2018-12-30
target:2019-12-30
filename:./data/image1607.jpg
pred  :18:44-13:5
target:18:44-18:54
filename:./data/image1609.jpg
pred  :E.74
target:6.74
filename:./data/image1610.jpg
pred  :4300
target:43.00
filename:./data/image1611.jpg
pred  :00
target:43.00
filename:./data/image1612.jpg
pred  :8AINCTAX0S0单MA4MN01
target:BEIJING TAXI SPECIAL INVOICE
filename:./data/image1613.jpg
pred  :MY01C证
target:INVOICE
filename:./data/image1615.jpg
pred  :Te
target:Tel
filename:./data/image1616.jpg
pred  :TaxL N0
target:Taxi No.
filename:./data/image1617.jpg
pred  :Certmlata:N0t
target:Certificate No.
filename:./data/image1618.jpg
pred  :D810
target:Date
filename:./data/image1619.jpg
pred  :Samcai
target:Distance
filename:./data/image1620.jpg
pred  :3"e
target:Fare
filename:./data/image1621.jpg
pred  :emem
target:Price per km
filename:./data/image1622.jpg
pred  :t8u6
target:State
filename:./data/image1623.jpg
pred  :Wetgts
target:Waiting time
filename:./data/image1624.jpg
pred  :THe
target:Time
filename:./data/image1627.jpg
pred  :车导
target:车号
filename:./data/image1629.jpg
pred  :省算
target:里程
filename:./data/image1630.jpg
pred  :平价
target:单价
filename:./data/image1631.jpg
pred  :明向
target:时间
filename:./data/image1632.jpg
pred  :得候
target:等候
filename:./data/image1634.jpg
pred  :示
target:京
filename:./data/image1635.jpg
pred  :额知附机费
target:燃油附加费
filename:./data/image1636.jpg
pred  :预约口车服编费
target:预约叫车服务费
filename:./data/image1637.jpg
pred  :实收e额
target:实收金额
filename:./data/image1638.jpg
pred  :卡8
target:卡号
filename:./data/image1639.jpg
pred  :8额
target:卡原额
filename:./data/image1645.jpg
pred  :006119
target:83611888
filename:./data/image1646.jpg
pred  :8-Pe94?
target:B-P8974
filename:./data/image1648.jpg
pred  :2220-01-26
target:2020-01-26
filename:./data/image1649.jpg
pred  :08:27-08:59
target:08:27-08:53
filename:./data/image1650.jpg
pred  :9.4与
target:3.45
filename:./data/image1653.jpg
pred  :
target:1
filename:./data/image1654.jpg
pred  :8.20
target:68.20
filename:./data/image1655.jpg
pred  :羊1.00
target:1.00
filename:./data/image1657.jpg
pred  :票69.00
target:69.00
filename:./data/image1658.jpg
pred  :发联发
target:发票联
filename:./data/image1659.jpg
pred  :业东账出租税看专审
target:北京市出租汽车专用发票
filename:./data/image1660.jpg
pred  :发票非用查
target:发票专用章
filename:./data/image1661.jpg
pred  :东审出租汽军专用发票
target:北京市出租汽车专用发票
filename:./data/image1662.jpg
pred  :E0IMN(AXtS附0/A4MY0lt
target:BEIJING TAXI SPECIAL INVOICE
filename:./data/image1664.jpg
pred  :MiM01e
target:INVOICE
filename:./data/image1665.jpg
pred  :Comaany
target:Company
filename:./data/image1666.jpg
pred  :T9i
target:Tel
filename:./data/image1667.jpg
pred  :TaiNo.
target:Taxi No.
filename:./data/image1668.jpg
pred  :0ctlic0te No
target:Certificate No.
filename:./data/image1669.jpg
pred  :08te
target:Date
filename:./data/image1670.jpg
pred  :TIme
target:Time
filename:./data/image1671.jpg
pred  :8pakm
target:Price per km
filename:./data/image1672.jpg
pred  :Di8tence
target:Distance
filename:./data/image1673.jpg
pred  :WaitngIme
target:Waiting time
filename:./data/image1674.jpg
pred  :Stte
target:State
filename:./data/image1675.jpg
pred  :Fee
target:Fare
filename:./data/image1676.jpg
pred  :额注附加费
target:燃油附加费
filename:./data/image1677.jpg
pred  :预约出车服务费
target:预约叫车服务费
filename:./data/image1678.jpg
pred  :实取三额
target:实收金额
filename:./data/image1679.jpg
pred  :卡e
target:卡号
filename:./data/image1680.jpg
pred  :卡成审
target:卡原额
filename:./data/image1682.jpg
pred  :兼位
target:单位
filename:./data/image1683.jpg
pred  :0订
target:电话
filename:./data/image1687.jpg
pred  :t期
target:日期
filename:./data/image1688.jpg
pred  :0间
target:时间
filename:./data/image1690.jpg
pred  :里妄
target:里程
filename:./data/image1691.jpg
pred  :等发
target:等候
filename:./data/image1694.jpg
pred  :111001881002
target:111001881003
filename:./data/image1697.jpg
pred  :83611883
target:83611888
filename:./data/image1700.jpg
pred  :202-01-22
target:2020-01-22
filename:./data/image1702.jpg
pred  :0.30
target:2.30
filename:./data/image1706.jpg
pred  :00.30
target:30.30
filename:./data/image1708.jpg
pred  :务0.00
target:0.00
filename:./data/image1709.jpg
pred  :91.00
target:31.00
filename:./data/image1710.jpg
pred  :件现表职竞
target:发票专用章
filename:./data/image1711.jpg
pred  :发票存用
target:发票专用章
filename:./data/image1712.jpg
pred  :发票票
target:发票联
filename:./data/image1713.jpg
pred  :业条审业租汽车专用以票
target:北京市出租汽车专用发票
filename:./data/image1714.jpg
pred  :本I0HeE
target:INVOICE
filename:./data/image1715.jpg
pred  :Campany
target:Company
filename:./data/image1716.jpg
pred  :Tei
target:Tel
filename:./data/image1717.jpg
pred  :Fime
target:Time
filename:./data/image1718.jpg
pred  :D4te:
target:Date
filename:./data/image1719.jpg
pred  :0ekm
target:Price per km
filename:./data/image1720.jpg
pred  :本Se1ea
target:Distance
filename:./data/image1721.jpg
pred  :WauBtre
target:Waiting time
filename:./data/image1722.jpg
pred  :3tate
target:State
filename:./data/image1723.jpg
pred  :aere
target:Fare
filename:./data/image1724.jpg
pred  :T8XWN0.
target:Taxi No.
filename:./data/image1725.jpg
pred  :Cerlicte No.
target:Certificate No.
filename:./data/image1726.jpg
pred  :单算
target:单位
filename:./data/image1727.jpg
pred  :电活
target:电话
filename:./data/image1729.jpg
pred  :3期
target:日期
filename:./data/image1730.jpg
pred  :财间
target:时间
filename:./data/image1735.jpg
pred  :据油型0费
target:燃油附加费
filename:./data/image1736.jpg
pred  :预均加车配编编
target:预约叫车服务费
filename:./data/image1737.jpg
pred  :实取产额
target:实收金额
filename:./data/image1738.jpg
pred  :号
target:卡号
filename:./data/image1739.jpg
pred  :卡预0
target:卡原额
filename:./data/image1740.jpg
pred  :专验
target:卡余额
filename:./data/image1745.jpg
pred  :B-35558
target:B-S5558
filename:./data/image1747.jpg
pred  :013-10-11
target:2019-10-11
filename:./data/image1750.jpg
pred  :47
target:4.7
filename:./data/image1754.jpg
pred  :条1.00
target:1.00
filename:./data/image1756.jpg
pred  :家29.00
target:20.00
filename:./data/image1757.jpg
pred  :发票联账
target:发票联
filename:./data/image1758.jpg
pred  :NVo1CE
target:INVOICE
filename:./data/image1759.jpg
pred  :111001801005
target:111001881003
filename:./data/image1761.jpg
pred  :Campany
target:Company
filename:./data/image1762.jpg
pred  :TeI
target:Tel
filename:./data/image1763.jpg
pred  :TpWNo
target:Taxi No.
filename:./data/image1764.jpg
pred  :Certifricat80
target:Certificate No.
filename:./data/image1766.jpg
pred  :TIme
target:Time
filename:./data/image1767.jpg
pred  :raptm
target:Price per km
filename:./data/image1768.jpg
pred  :gramce
target:Distance
filename:./data/image1769.jpg
pred  :Weti01Te
target:Waiting time
filename:./data/image1770.jpg
pred  :8tte
target:State
filename:./data/image1771.jpg
pred  :Fame
target:Fare
filename:./data/image1772.jpg
pred  :单值
target:单位
filename:./data/image1775.jpg
pred  :t用
target:日期
filename:./data/image1776.jpg
pred  :里理
target:里程
filename:./data/image1777.jpg
pred  :0价
target:单价
filename:./data/image1778.jpg
pred  :期收1W发
target:燃油附加费
filename:./data/image1779.jpg
pred  :领3配车格务类
target:预约叫车服务费
filename:./data/image1780.jpg
pred  :采收武额
target:实收金额
filename:./data/image1781.jpg
pred  :车套
target:卡号
filename:./data/image1784.jpg
pred  :0057
target:0357
filename:./data/image1785.jpg
pred  :7C5666i
target:67366666
filename:./data/image1786.jpg
pred  :E-晚520
target:B-N6520
filename:./data/image1787.jpg
pred  :283634
target:288634
filename:./data/image1788.jpg
pred  :p019-10-17
target:2019-10-17
filename:./data/image1789.jpg
pred  :14:37-14:31
target:14:37-14:51
filename:./data/image1790.jpg
pred  :000
target:2.30
filename:./data/image1791.jpg
pred  :.
target:3.5
filename:./data/image1792.jpg
pred  :00:0:47
target:00:07:47
filename:./data/image1794.jpg
pred  :18.88
target:￥18.80
filename:./data/image1795.jpg
pred  :1.00
target:￥1.00
filename:./data/image1796.jpg
pred  :0.00
target:￥0.00
filename:./data/image1797.jpg
pred  :增20.00
target:￥20.00
filename:./data/image1798.jpg
pred  :客标
target:等待
filename:./data/image1799.jpg
pred  :次态
target:状态
filename:./data/image1801.jpg
pred  :2000
target:￥20.00
filename:./data/image1802.jpg
pred  :20.00
target:￥0.00
filename:./data/image1803.jpg
pred  :基1.00
target:￥1.00
filename:./data/image1804.jpg
pred  :算8.80
target:￥18.80
filename:./data/image1806.jpg
pred  :00:0417
target:00:04:17
filename:./data/image1807.jpg
pred  :47
target:4.7
filename:./data/image1813.jpg
pred  :51527991
target:51527851
filename:./data/image1815.jpg
pred  :111001981002
target:111001881002
filename:./data/image1816.jpg
pred  :9699281
target:96992817
filename:./data/image1817.jpg
pred  :W
target:单位
filename:./data/image1818.jpg
pred  :电
target:电话
filename:./data/image1822.jpg
pred  :0间
target:时间
filename:./data/image1823.jpg
pred  :里额
target:里程
filename:./data/image1826.jpg
pred  :票
target:京
filename:./data/image1827.jpg
pred  :票油附加费
target:燃油附加费
filename:./data/image1828.jpg
pred  :09叫平服服
target:预约叫车服务费
filename:./data/image1829.jpg
pred  :tX0
target:实收金额
filename:./data/image1830.jpg
pred  :卡司
target:卡号
filename:./data/image1831.jpg
pred  :标部0
target:卡原额
filename:./data/image1832.jpg
pred  :卡务收
target:卡余额
filename:./data/image1833.jpg
pred  :专理联
target:发票联
filename:./data/image1834.jpg
pred  :票使
target:等候
filename:./data/image1835.jpg
pred  :compamy
target:Company
filename:./data/image1836.jpg
pred  :下mi
target:Tel
filename:./data/image1837.jpg
pred  :Teu No.
target:Taxi No.
filename:./data/image1838.jpg
pred  :certiticateino
target:Certificate No.
filename:./data/image1839.jpg
pred  :0at8
target:Date
filename:./data/image1840.jpg
pred  :TIme
target:Time
filename:./data/image1841.jpg
pred  :iicemekm
target:Price per km
filename:./data/image1842.jpg
pred  :iStance
target:Distance
filename:./data/image1843.jpg
pred  :Wafgtme
target:Waiting time
filename:./data/image1844.jpg
pred  :电9t9
target:State
filename:./data/image1845.jpg
pred  :Fre
target:Fare
filename:./data/image1846.jpg
pred  :Fame
target:Fare
filename:./data/image1848.jpg
pred  :Nti(tTe
target:Waiting time
filename:./data/image1849.jpg
pred  :Wiepampe
target:Distance
filename:./data/image1850.jpg
pred  :Fi0cpekm
target:Price per km
filename:./data/image1852.jpg
pred  :0ete
target:Date
filename:./data/image1853.jpg
pred  :CCmoanv
target:Company
filename:./data/image1855.jpg
pred  :Tai No.
target:Taxi No.
filename:./data/image1856.jpg
pred  :Certlcete.Nc.
target:Certificate No.
filename:./data/image1857.jpg
pred  :M油财加费
target:燃油附加费
filename:./data/image1858.jpg
pred  :预约叫车部金费
target:预约叫车服务费
filename:./data/image1860.jpg
pred  :示号
target:卡号
filename:./data/image1861.jpg
pred  :工原息
target:卡原额
filename:./data/image1862.jpg
pred  :卡东额
target:卡余额
filename:./data/image1864.jpg
pred  :发查
target:状态
filename:./data/image1869.jpg
pred  :1i5
target:时间
filename:./data/image1873.jpg
pred  :rN0tE
target:INVOICE
filename:./data/image1881.jpg
pred  :013-10-10
target:2019-10-18
filename:./data/image1882.jpg
pred  :35:28-10143
target:16:28-16:43
filename:./data/image1885.jpg
pred  :0: 10949
target:00:10:49
filename:./data/image1887.jpg
pred  :单1760
target:￥17.60
filename:./data/image1888.jpg
pred  :F100
target:￥1.00
filename:./data/image1889.jpg
pred  :0.00
target:￥0.00
filename:./data/image1890.jpg
pred  :N00
target:19.00
filename:./data/image1891.jpg
pred  :北东审值租液间对对中公票
target:北京市出租汽车专用发票
filename:./data/image1892.jpg
pred  :凭南电用流车专期发累
target:北京市出租汽车专用发票
filename:./data/image1893.jpg
pred  :CirNCTAXtScCJAW0IIW
target:BEIJING TAXI SPECIAL INVOICE
filename:./data/image1895.jpg
pred  :MMM09
target:INVOICE
filename:./data/image1898.jpg
pred  :077
target:0787
filename:./data/image1899.jpg
pred  :0收
target:单位
filename:./data/image1900.jpg
pred  :年活
target:电话
filename:./data/image1903.jpg
pred  :金
target:金额
filename:./data/image1904.jpg
pred  :发票专用部发
target:发票专用章
filename:./data/image1906.jpg
pred  :0程
target:里程
filename:./data/image1907.jpg
pred  :将候
target:等候
filename:./data/image1910.jpg
pred  :发态
target:状态
filename:./data/image1912.jpg
pred  :款油市动资
target:燃油附加费
filename:./data/image1913.jpg
pred  :前式很车将务里
target:预约叫车服务费
filename:./data/image1914.jpg
pred  :采取室80)
target:实收金额
filename:./data/image1915.jpg
pred  :卡育
target:卡号
filename:./data/image1916.jpg
pred  :卡派额
target:卡原额
filename:./data/image1917.jpg
pred  :卡余0
target:卡余额
filename:./data/image1919.jpg
pred  ::Staue
target:State
filename:./data/image1920.jpg
pred  :Wat号:y9
target:Waiting time
filename:./data/image1921.jpg
pred  :etan00
target:Distance
filename:./data/image1922.jpg
pred  :Tmme
target:Time
filename:./data/image1923.jpg
pred  :0ate
target:Date
filename:./data/image1924.jpg
pred  :Compiary
target:Company
filename:./data/image1925.jpg
pred  :8XN0
target:Taxi No.
filename:./data/image1926.jpg
pred  :Cettificete N00
target:Certificate No.
filename:./data/image1928.jpg
pred  :FM4229
target:BW4226
filename:./data/image1929.jpg
pred  :11105
target:111065
filename:./data/image1930.jpg
pred  :2013-10214
target:2019-10-14
filename:./data/image1933.jpg
pred  :5.2K0
target:5.2km
filename:./data/image1934.jpg
pred  :00:12号4日
target:00:12:44
filename:./data/image1936.jpg
pred  :账21a50
target:24.50
filename:./data/image1937.jpg
pred  :单1-00
target:1.00
filename:./data/image1938.jpg
pred  :号0.00
target:0.00
filename:./data/image1939.jpg
pred  :200
target:26.00
filename:./data/image1940.jpg
pred  :中条市单租汽车专用项票
target:北京市出租汽车专用发票
filename:./data/image1944.jpg
pred  :单单
target:单位
filename:./data/image1945.jpg
pred  :0ompeny
target:Company
filename:./data/image1947.jpg
pred  :at No.
target:Taxi No.
filename:./data/image1948.jpg
pred  :00uirietX
target:Certificate No.
filename:./data/image1949.jpg
pred  :0e
target:Date
filename:./data/image1950.jpg
pred  :TIina
target:Time
filename:./data/image1951.jpg
pred  :Pr00 pc.xm
target:Price per km
filename:./data/image1952.jpg
pred  :0fstance
target:Distance
filename:./data/image1953.jpg
pred  :Wetnrgtme
target:Waiting time
filename:./data/image1954.jpg
pred  :St批8
target:State
filename:./data/image1955.jpg
pred  :F7e
target:Fare
filename:./data/image1956.jpg
pred  :卡余额0
target:卡余额
filename:./data/image1957.jpg
pred  :卡消
target:卡原额
filename:./data/image1958.jpg
pred  :额
target:卡号
filename:./data/image1959.jpg
pred  :系
target:实收金额
filename:./data/image1960.jpg
pred  :预务叫库号e8i
target:预约叫车服务费
filename:./data/image1961.jpg
pred  :编油附0要
target:燃油附加费
filename:./data/image1962.jpg
pred  :t IAME
target:INVOICE
filename:./data/image1964.jpg
pred  :8561188e
target:83611888
filename:./data/image1965.jpg
pred  :605996
target:B-U5996
filename:./data/image1966.jpg
pred  :231998
target:281998
filename:./data/image1968.jpg
pred  :2019-10-19
target:2019-10-13
filename:./data/image1972.jpg
pred  :80:02:21
target:00:02:21
filename:./data/image1974.jpg
pred  :314.20
target:14.20
filename:./data/image1975.jpg
pred  :1.0
target:1.00
filename:./data/image1977.jpg
pred  :15-00
target:15.00
filename:./data/image1978.jpg
pred  :发票专用
target:发票专用章
filename:./data/image1979.jpg
pred  :EJNG7ASFCANY0If
target:BEIJING TAXI SPECIAL INVOICE
filename:./data/image1982.jpg
pred  :号的出租汽车专用公票
target:北京市出租汽车专用发票
filename:./data/image1983.jpg
pred  :3IMING京X税S2CA局WVCI
target:BEIJING TAXI SPECIAL INVOICE
filename:./data/image1987.jpg
pred  :电运
target:电话
filename:./data/image1990.jpg
pred  :证
target:证号
filename:./data/image1991.jpg
pred  :Comcany
target:Company
filename:./data/image1992.jpg
pred  :T6
target:Tel
filename:./data/image1993.jpg
pred  :Tax No
target:Taxi No.
filename:./data/image1996.jpg
pred  :间
target:时间
filename:./data/image1997.jpg
pred  :年标
target:里程
filename:./data/image1998.jpg
pred  :0
target:单价
filename:./data/image2000.jpg
pred  :B.S8591
target:B.S5881
filename:./data/image2002.jpg
pred  :2013-10-18
target:2019-10-18
filename:./data/image2003.jpg
pred  :15:38-15r56
target:15:38-15:56
filename:./data/image2006.jpg
pred  :20311116
target:00:11:16
filename:./data/image2008.jpg
pred  :19.80
target:19.90
filename:./data/image2009.jpg
pred  :120
target:1.00
filename:./data/image2010.jpg
pred  :00
target:0.00
filename:./data/image2011.jpg
pred  :5538p4E5
target:63383123
filename:./data/image2013.jpg
pred  :因态
target:状态
filename:./data/image2015.jpg
pred  :怒计时0奏
target:燃油附加费
filename:./data/image2016.jpg
pred  :预口车服经-
target:预约交车服务费
filename:./data/image2017.jpg
pred  :实0一额
target:实收金额
filename:./data/image2019.jpg
pred  :卡供额
target:卡原额
filename:./data/image2021.jpg
pred  :0et9
target:Date
filename:./data/image2022.jpg
pred  :下ime
target:Time
filename:./data/image2023.jpg
pred  :09pr<m
target:Price per km
filename:./data/image2024.jpg
pred  :D8tam0e
target:Ditance
filename:./data/image2025.jpg
pred  :Waiting te
target:Waiting time
filename:./data/image2026.jpg
pred  :tate
target:State
filename:./data/image2027.jpg
pred  :Faa
target:Fare
filename:./data/image2028.jpg
pred  :年INqTAXAI账CA0N01
target:BEIJING TAXI SPECIAL INVOICE
filename:./data/image2029.jpg
pred  :京市出租汽车专用发票
target:北京市出租汽车专用发票
filename:./data/image2030.jpg
pred  :发票联
target:发票联
filename:./data/image2031.jpg
pred  :Mtrorc5
target:INVOICE
filename:./data/image2032.jpg
pred  :Pi90mkm
target:Price per km
filename:./data/image2033.jpg
pred  :S:ata
target:State
filename:./data/image2034.jpg
pred  :T801 N0-
target:Taxi No.
filename:./data/image2036.jpg
pred  :Ine
target:Time
filename:./data/image2037.jpg
pred  :Compemy
target:Company
filename:./data/image2038.jpg
pred  :单算
target:单位
filename:./data/image2041.jpg
pred  :号
target:证号
filename:./data/image2044.jpg
pred  :0ate
target:Date
filename:./data/image2045.jpg
pred  :-8ne
target:Fare
filename:./data/image2046.jpg
pred  :Wangtme
target:Waiting time
filename:./data/image2047.jpg
pred  :Jiatanc8
target:Distance
filename:./data/image2048.jpg
pred  :0etficete No-
target:Certificate No.
filename:./data/image2051.jpg
pred  :凭资
target:状态
filename:./data/image2053.jpg
pred  :部油附加费
target:燃油附加费
filename:./data/image2054.jpg
pred  :预的加车服务票
target:预约叫车服务费
filename:./data/image2055.jpg
pred  :卡:5
target:卡号
filename:./data/image2056.jpg
pred  :卡员项
target:卡原额
filename:./data/image2057.jpg
pred  :卡余国
target:卡余额
filename:./data/image2060.jpg
pred  :0150
target:0163
filename:./data/image2061.jpg
pred  :0.30
target:2.30
filename:./data/image2062.jpg
pred  :0票53-11:09
target:10:53-11:08
filename:./data/image2063.jpg
pred  :3:7代m
target:4.7km
filename:./data/image2064.jpg
pred  :00:09:40
target:00:06:40
filename:./data/image2067.jpg
pred  :车1100
target:1
filename:./data/image2068.jpg
pred  :条200
target:0.00
filename:./data/image2069.jpg
pred  :00
target:1.00
filename:./data/image2070.jpg
pred  :失集表用章
target:发票专用章
filename:./data/image2071.jpg
pred  :业条市出租汽车专用发票
target:北京市出租汽车专用发票
filename:./data/image2072.jpg
pred  :E0NJNCMMN00
target:BEIJING TAXI SPECIAL INVOICE
filename:./data/image2073.jpg
pred  :3发票误8
target:发票联
filename:./data/image2074.jpg
pred  :发票
target:发票专用章
filename:./data/image2075.jpg
pred  :Ltoe年
target:INVOICE
filename:./data/image2077.jpg
pred  :Dae
target:Date
filename:./data/image2078.jpg
pred  :Comoamny
target:Company
filename:./data/image2079.jpg
pred  :08tamoe
target:Distance
filename:./data/image2080.jpg
pred  :rima
target:Time
filename:./data/image2081.jpg
pred  :Pmcaprxn
target:Price per km
filename:./data/image2082.jpg
pred  :Tei
target:Tel
filename:./data/image2083.jpg
pred  :Tal No.
target:Taxi No.
filename:./data/image2084.jpg
pred  :e
target:证号
filename:./data/image2085.jpg
pred  :年号
target:车号
filename:./data/image2086.jpg
pred  :求
target:京
filename:./data/image2087.jpg
pred  :等收
target:等候
filename:./data/image2088.jpg
pred  :术态
target:状态
filename:./data/image2090.jpg
pred  :x国总加费
target:燃油附加费
filename:./data/image2091.jpg
pred  :预约山车0练算
target:预约叫车服务费
filename:./data/image2093.jpg
pred  :i
target:卡号
filename:./data/image2094.jpg
pred  :卡确家
target:卡原额
filename:./data/image2095.jpg
pred  :-本名
target:卡余额
filename:./data/image2096.jpg
pred  :Fe
target:Fare
filename:./data/image2097.jpg
pred  :9tate
target:State
filename:./data/image2098.jpg
pred  :Waitin电tire
target:Waiting time
filename:./data/image2099.jpg
pred  :事间
target:时间
filename:./data/image2100.jpg
pred  :111001881009
target:111001881003
filename:./data/image2104.jpg
pred  :884E7181
target:88457181
filename:./data/image2105.jpg
pred  :-135i
target:B-S1866
filename:./data/image2107.jpg
pred  :2013-10-17
target:2019-10-17
filename:./data/image2109.jpg
pred  :200
target:2.30
filename:./data/image2111.jpg
pred  :00304:4c
target:00:04:48
filename:./data/image2112.jpg
pred  :1
target:0
filename:./data/image2113.jpg
pred  :18.80
target:18.00
filename:./data/image2114.jpg
pred  :号1.00
target:1.00
filename:./data/image2116.jpg
pred  :单2人00
target:20.00
filename:./data/image2117.jpg
pred  :0程
target:里程
filename:./data/image2118.jpg
pred  :0价
target:单价
filename:./data/image2120.jpg
pred  :业东前出租汽军专用资
target:北京市出租汽车专用发票
filename:./data/image2121.jpg
pred  :BDNCITXt.S账CA4 M00:
target:BEIJING TAXI SPECIAL INVOICE
filename:./data/image2123.jpg
pred  :MM01CE
target:INVOICE
filename:./data/image2124.jpg
pred  :111001881009
target:111001881003
filename:./data/image2125.jpg
pred  :06049343
target:06049843
filename:./data/image2126.jpg
pred  :Ccmpany
target:Company
filename:./data/image2128.jpg
pred  :T1a
target:Time
filename:./data/image2129.jpg
pred  :Wtin0re
target:Waiting time
filename:./data/image2130.jpg
pred  :08t00e
target:Distance
filename:./data/image2131.jpg
pred  :Piepm
target:Price per km
filename:./data/image2133.jpg
pred  :8tate:
target:State
filename:./data/image2134.jpg
pred  :Fre
target:Fare
filename:./data/image2135.jpg
pred  :况出C1女
target:燃油附加费
filename:./data/image2136.jpg
pred  :预纷0车服3量
target:预约叫车服务费
filename:./data/image2137.jpg
pred  :实收费
target:实收金额
filename:./data/image2138.jpg
pred  :卡3
target:卡号
filename:./data/image2139.jpg
pred  :卡项额
target:卡原额
filename:./data/image2140.jpg
pred  :京剩额
target:卡余额
filename:./data/image2142.jpg
pred  :Tai No.
target:Taxi No.
filename:./data/image2143.jpg
pred  :号
target:证号
filename:./data/image2144.jpg
pred  :虎
target:京
filename:./data/image2146.jpg
pred  :2e0
target:2.30
filename:./data/image2147.jpg
pred  :
target:5.9
filename:./data/image2149.jpg
pred  :325.80
target:26.80
filename:./data/image2150.jpg
pred  :20
target:1.00
filename:./data/image2151.jpg
pred  :0明
target:0.00
filename:./data/image2152.jpg
pred  :发票表用定
target:发票专用章
filename:./data/image2153.jpg
pred  :0657
target:6657
filename:./data/image2154.jpg
pred  :1中-10-08
target:2019-10-18
filename:./data/image2158.jpg
pred  :号候
target:等候
filename:./data/image2160.jpg
pred  :单的
target:单价
filename:./data/image2162.jpg
pred  :计额
target:金额
filename:./data/image2163.jpg
pred  :业东市出租汽车专用发票
target:北京市出租汽车专用发票
filename:./data/image2164.jpg
pred  :如I0W7ALI.8CJA4NMN00t
target:BEIJING TAXI SPECIAL INVOICE
filename:./data/image2166.jpg
pred  :tM01CE
target:INVOICE
filename:./data/image2169.jpg
pred  :单值
target:单位
filename:./data/image2170.jpg
pred  :Cenpamv
target:Company
filename:./data/image2171.jpg
pred  :Ta1
target:Tel
filename:./data/image2172.jpg
pred  :Tai No.
target:Taxi No.
filename:./data/image2173.jpg
pred  :D8t6
target:Date
filename:./data/image2174.jpg
pred  :Tme
target:Time
filename:./data/image2175.jpg
pred  :Weiungtie
target:Waiting time
filename:./data/image2176.jpg
pred  :Dtance
target:Distance
filename:./data/image2177.jpg
pred  :Premrxm
target:Price per km
filename:./data/image2178.jpg
pred  :日用
target:日期
filename:./data/image2179.jpg
pred  :国词
target:时间
filename:./data/image2182.jpg
pred  :3tte
target:State
filename:./data/image2185.jpg
pred  :额出对0
target:燃油附加费
filename:./data/image2186.jpg
pred  :预约加车服金算
target:预约叫车服务费
filename:./data/image2187.jpg
pred  :实发余额
target:实收金额
filename:./data/image2188.jpg
pred  :卡
target:卡号
filename:./data/image2189.jpg
pred  :专预额
target:卡原额
filename:./data/image2192.jpg
pred  :97394112
target:87394112
filename:./data/image2199.jpg
pred  :4.9
target:4.8
filename:./data/image2202.jpg
pred  :等19.90
target:19.90
filename:./data/image2203.jpg
pred  :军1.00
target:1.00
filename:./data/image2204.jpg
pred  :2100
target:21.00
filename:./data/image2206.jpg
pred  :票
target:京
filename:./data/image2208.jpg
pred  :等
target:等候
filename:./data/image2209.jpg
pred  :发客信3出
target:发票代码
filename:./data/image2210.jpg
pred  :发票号碰
target:发票号码
filename:./data/image2211.jpg
pred  :监下电
target:监督电话
filename:./data/image2212.jpg
pred  :经苦单位辆>
target:经营单位编码
filename:./data/image2213.jpg
pred  :电
target:电话
filename:./data/image2214.jpg
pred  :1e
target:Tel
filename:./data/image2215.jpg
pred  :证票
target:证号
filename:./data/image2217.jpg
pred  :日期:
target:日期
filename:./data/image2218.jpg
pred  :E年:
target:上车
filename:./data/image2219.jpg
pred  :1
target:Date
filename:./data/image2220.jpg
pred  :下车:
target:下车
filename:./data/image2221.jpg
pred  :单价:
target:单价
filename:./data/image2223.jpg
pred  :有候
target:等候
filename:./data/image2224.jpg
pred  :全额:
target:金额
filename:./data/image2225.jpg
pred  :>tm司
target:Sum
filename:./data/image2226.jpg
pred  :101001310上UU
target:161001918100
filename:./data/image2227.jpg
pred  :94530164
target:94530784
filename:./data/image2231.jpg
pred  :-868
target:8888
filename:./data/image2232.jpg
pred  :T1073
target:J・T1073
filename:./data/image2233.jpg
pred  :01-11:e
target:2019-11-26
filename:./data/image2234.jpg
pred  :12317
target:12:17
filename:./data/image2235.jpg
pred  :1252
target:12:52
filename:./data/image2236.jpg
pred  :225
target:2・25
filename:./data/image2237.jpg
pred  :192Xm
target:19・2km
filename:./data/image2239.jpg
pred  :40.40元
target:￥40・40元
filename:./data/image2240.jpg
pred  :发务联
target:发票联
filename:./data/image2241.jpg
pred  :INvQ1C日
target:INVOICE
filename:./data/image2242.jpg
pred  :保怕租案
target:陕西出租车
filename:./data/image2243.jpg
pred  :常发票
target:机打发票
filename:./data/image2244.jpg
pred  :确用机护入
target:宁波通用机打发票
filename:./data/image2247.jpg
pred  :码
target:发票代码
filename:./data/image2248.jpg
pred  :求票编
target:发票号码
filename:./data/image2249.jpg
pred  :服务监督电待
target:服务监督电话
filename:./data/image2258.jpg
pred  :与项约电召费
target:预约电召费
filename:./data/image2259.jpg
pred  :金额fare)
target:金额(fare)
filename:./data/image2264.jpg
pred  :BT3944
target:B.T3944
filename:./data/image2266.jpg
pred  :K0970)15:40
target:(K0970)15:40
filename:./data/image2268.jpg
pred  :3.36请
target:3.36元
filename:./data/image2270.jpg
pred  :00:05.56
target:00:05:56
filename:./data/image2271.jpg
pred  :0置
target:0元
filename:./data/image2272.jpg
pred  :50.00请
target:50.00元
filename:./data/image2275.jpg
pred  :页额用拥打发票
target:宁波通用机打发票
filename:./data/image2277.jpg
pred  :国家机务点局
target:国家税务总局
filename:./data/image2278.jpg
pred  :代票国
target:发票代码
filename:./data/image2279.jpg
pred  :发票0
target:发票号码
filename:./data/image2280.jpg
pred  :服务监管电活
target:服务监督电话
filename:./data/image2286.jpg
pred  :半价
target:单价
filename:./data/image2289.jpg
pred  :预约电召带
target:预约电召费
filename:./data/image2290.jpg
pred  :全额fare)
target:金额(fare)
filename:./data/image2291.jpg
pred  :下号
target:卡号
filename:./data/image2295.jpg
pred  :T700-576
target:14038986
filename:./data/image2298.jpg
pred  :BTe009
target:B.T8009
filename:./data/image2299.jpg
pred  :2191-23
target:2019-10-23
filename:./data/image2300.jpg
pred  :K0G号0)16:39
target:(K0650)16:38
filename:./data/image2301.jpg
pred  :17.00
target:17:00
filename:./data/image2302.jpg
pred  :3-38
target:3.36元
filename:./data/image2303.jpg
pred  :13.8m
target:13.8km
filename:./data/image2304.jpg
pred  :00025t
target:00:02:51
filename:./data/image2305.jpg
pred  :01
target:0元
filename:./data/image2306.jpg
pred  :42.001
target:42.00元
filename:./data/image2307.jpg
pred  :间额通用机护会票
target:宁波通用机打发票
filename:./data/image2309.jpg
pred  :发.票联
target:发票联
filename:./data/image2310.jpg
pred  :候
target:发票代码
filename:./data/image2311.jpg
pred  :发票码
target:发票号码
filename:./data/image2312.jpg
pred  :服务监管电活
target:服务监督电话
filename:./data/image2315.jpg
pred  :目期
target:日期
filename:./data/image2322.jpg
pred  :金额fare)
target:金额(fare)
filename:./data/image2330.jpg
pred  :BT5402
target:B.T5402
filename:./data/image2331.jpg
pred  :2919-11-2号
target:2019-11-25
filename:./data/image2332.jpg
pred  :H0900)18:58
target:(K0900)16:56
filename:./data/image2333.jpg
pred  :1f51
target:17:51
filename:./data/image2335.jpg
pred  :25.8k值
target:25.6km
filename:./data/image2336.jpg
pred  :00:15.49
target:00:15:45
filename:./data/image2337.jpg
pred  :0.80元
target:0.00元
filename:./data/image2338.jpg
pred  :95.00i
target:95.00元
filename:./data/image2339.jpg
pred  :宁改通用机打发
target:宁波通用机打发票
filename:./data/image2340.jpg
pred  :0发税存以为
target:国家税务总局
filename:./data/image2341.jpg
pred  :候票1联
target:发票联
filename:./data/image2342.jpg
pred  :码
target:发票代码
filename:./data/image2343.jpg
pred  :号
target:发票号码
filename:./data/image2344.jpg
pred  :服务监争电浙
target:服务监督电话
filename:./data/image2345.jpg
pred  :电召然线
target:电召热线
filename:./data/image2349.jpg
pred  :下单
target:下车
filename:./data/image2354.jpg
pred  :金额fare)
target:金额(fare)
filename:./data/image2355.jpg
pred  :下亏
target:卡号
filename:./data/image2357.jpg
pred  :余确0
target:余额
filename:./data/image2359.jpg
pred  :e页
target:0元
filename:./data/image2360.jpg
pred  :00:03.55
target:00:03.51
filename:./data/image2364.jpg
pred  :p640910:39
target:(K0640)10:39
filename:./data/image2365.jpg
pred  :2019-11-2与
target:2019-11-25
filename:./data/image2366.jpg
pred  :BT0550
target:B.T0550
filename:./data/image2371.jpg
pred  :项通用机输余-
target:宁波通用机打发票
filename:./data/image2374.jpg
pred  :代票代码
target:发票代码
filename:./data/image2375.jpg
pred  :X码
target:发票号码
filename:./data/image2376.jpg
pred  :服务监电活
target:服务监督电话
filename:./data/image2385.jpg
pred  :预约电召带
target:预约电召费
filename:./data/image2386.jpg
pred  :金额fare)
target:金额(fare)
filename:./data/image2387.jpg
pred  :-卡号
target:卡号
filename:./data/image2390.jpg
pred  :C08
target:33.00元
filename:./data/image2392.jpg
pred  :00:10.2
target:00:10.24
filename:./data/image2393.jpg
pred  :8.0k
target:9.8km
filename:./data/image2394.jpg
pred  :0元
target:2.40元
filename:./data/image2395.jpg
pred  :18:49:
target:16:48元
filename:./data/image2396.jpg
pred  :970210:19
target:(K0970)16:19
filename:./data/image2398.jpg
pred  :B.70888
target:B.T0886
filename:./data/image2400.jpg
pred  :发票专用期
target:发票专用章
filename:./data/image2403.jpg
pred  :国用机前
target:宁波通用机打发票
filename:./data/image2404.jpg
pred  :国家税务从局
target:国家税务总局
filename:./data/image2405.jpg
pred  :发.票联
target:发票联
filename:./data/image2406.jpg
pred  :代票国
target:发票代码
filename:./data/image2407.jpg
pred  :发票号
target:发票号码
filename:./data/image2408.jpg
pred  :服监督电清
target:服务监督电话
filename:./data/image2413.jpg
pred  :1323
target:12328
filename:./data/image2422.jpg
pred  :金额fare)
target:金额(fare)
filename:./data/image2423.jpg
pred  :下亏
target:卡号
filename:./data/image2426.jpg
pred  :eT1556
target:B.T1566
filename:./data/image2428.jpg
pred  :(9余5013:03
target:(K0860)13:03
filename:./data/image2429.jpg
pred  :3:23
target:(K0860)13:03
filename:./data/image2430.jpg
pred  :.36元
target:3.36元
filename:./data/image2432.jpg
pred  :31.005
target:31.00元
filename:./data/image2433.jpg
pred  :10.Kmm
target:10.4km
filename:./data/image2435.jpg
pred  :艰通用机打发票
target:宁波通用机打发票
filename:./data/image2437.jpg
pred  :金额fare)
target:金额(fare)
filename:./data/image2439.jpg
pred  :票0
target:发票代码
filename:./data/image2440.jpg
pred  :发号周
target:发票号码
filename:./data/image2441.jpg
pred  :服务监管电治
target:服务监督电话
filename:./data/image2453.jpg
pred  :预约电召带
target:预约电召费
filename:./data/image2454.jpg
pred  :下号
target:卡号
filename:./data/image2456.jpg
pred  :45,00i
target:45.00元
filename:./data/image2457.jpg
pred  :意
target:0元
filename:./data/image2458.jpg
pred  :60:9宰,45
target:00:05.45
filename:./data/image2459.jpg
pred  :14.5次m
target:14.5km
filename:./data/image2460.jpg
pred  :C
target:3.36元
filename:./data/image2461.jpg
pred  :B.T135
target:B.T1815
filename:./data/image2462.jpg
pred  :2019-18-23
target:2019-10-23
filename:./data/image2463.jpg
pred  :只1040011300]
target:(K1040)11:00
filename:./data/image2467.jpg
pred  :租汽车通用机打发票
target:出租汽车通用机打发票
filename:./data/image2468.jpg
pred  :内蒙山
target:内蒙古
filename:./data/image2487.jpg
pred  :-Y7112
target:K-Y7112
filename:./data/image2489.jpg
pred  :1020040
target:10203040
filename:./data/image2493.jpg
pred  :E0
target:1.60
filename:./data/image2494.jpg
pred  :泪.国
target:4.4
filename:./data/image2495.jpg
pred  :00:04407
target:00:04:07
filename:./data/image2496.jpg
pred  :
target:1
filename:./data/image2498.jpg
pred  :内家古
target:内蒙古
filename:./data/image2499.jpg
pred  :出相汽车通用机打发票
target:出租汽车通用机打发票
filename:./data/image2506.jpg
pred  :车号
target:车号:
filename:./data/image2507.jpg
pred  :证号.
target:证号:
filename:./data/image2509.jpg
pred  :上车.
target:上车:
filename:./data/image2520.jpg
pred  :957G039
target:8576035
filename:./data/image2522.jpg
pred  :蒙尺-7255
target:蒙 K-7Y255
filename:./data/image2524.jpg
pred  :2019405月07日
target:2019年05月07日
filename:./data/image2525.jpg
pred  :03108
target:09:08
filename:./data/image2526.jpg
pred  :0109:30
target:/01/09:30
filename:./data/image2527.jpg
pred  :1.60元2
target:1.60元/公里
filename:./data/image2528.jpg
pred  :4.6公
target:4.6/公里
filename:./data/image2529.jpg
pred  :00115.08
target:00:15.08
filename:./data/image2531.jpg
pred  :[内像市
target:内蒙古
filename:./data/image2532.jpg
pred  :租汽举通用机打发票
target:出租汽车通用机打发票
filename:./data/image2540.jpg
pred  :目期:
target:日期:
filename:./data/image2550.jpg
pred  :t0259908
target:10259908
filename:./data/image2555.jpg
pred  :-8Y3c6
target:K-8Y386
filename:./data/image2557.jpg
pred  :2019-05-11
target:2019-5-11
filename:./data/image2559.jpg
pred  :11:00
target:11:03
filename:./data/image2560.jpg
pred  :1.60
target:1.06
filename:./data/image2564.jpg
pred  :0.00
target:9.00
filename:./data/image2565.jpg
pred  :内蒙击
target:内蒙古
filename:./data/image2570.jpg
pred  :信息码.
target:信息码:
filename:./data/image2582.jpg
pred  :全额:
target:金额:
filename:./data/image2583.jpg
pred  :688
target:8888
filename:./data/image2585.jpg
pred  :K-0Y8t1
target:K-0Y811
filename:./data/image2592.jpg
pred  :0027:07
target:00:27:07
filename:./data/image2598.jpg
pred  :内蒙占
target:内蒙古
filename:./data/image2599.jpg
pred  :出里汽车通用机打发票
target:出租汽车通用机打发票
filename:./data/image2610.jpg
pred  :上‘车:
target:上车:
filename:./data/image2616.jpg
pred  :全额.
target:金额:
filename:./data/image2617.jpg
pred  :115001934040
target:1150011934040
filename:./data/image2620.jpg
pred  :8088
target:8888
filename:./data/image2621.jpg
pred  :33c858
target:8338858
filename:./data/image2623.jpg
pred  :C0009993
target:88888888
filename:./data/image2624.jpg
pred  :2018-05-11
target:2019-05-11
filename:./data/image2625.jpg
pred  :10:00
target:18:09
filename:./data/image2626.jpg
pred  ::1
target:18:17
filename:./data/image2627.jpg
pred  :1.了0
target:1.70
filename:./data/image2628.jpg
pred  :.5
target:3.5
filename:./data/image2629.jpg
pred  :00:03:18
target:00:03:16
filename:./data/image2632.jpg
pred  :内蒙山
target:内蒙古
filename:./data/image2633.jpg
pred  :(m汽军通用机打岁票
target:出租汽车通用机打发票
filename:./data/image2634.jpg
pred  :发票代动:
target:发票代码:
filename:./data/image2640.jpg
pred  :证号:
target:证件号:
filename:./data/image2652.jpg
pred  :8889
target:8888
filename:./data/image2653.jpg
pred  :8185077
target:8185977
filename:./data/image2655.jpg
pred  :-0737
target:K-3Y757
filename:./data/image2657.jpg
pred  :2010-05-12
target:2019-05-12
filename:./data/image2658.jpg
pred  :00:00
target:08:00
filename:./data/image2664.jpg
pred  :单12.00
target:12.00
filename:./data/image2666.jpg
pred  :相汽车通用机打发票
target:出租汽车通用机打发票
filename:./data/image2667.jpg
pred  :发票取
target:发票联
filename:./data/image2670.jpg
pred  :息码:
target:信息码:
filename:./data/image2681.jpg
pred  :状态.
target:状态:
filename:./data/image2682.jpg
pred  :金额.
target:金额:
filename:./data/image2689.jpg
pred  :-YC862
target:K-Y8862
filename:./data/image2690.jpg
pred  :89888888
target:88888888
filename:./data/image2691.jpg
pred  :201-09-28
target:2019-05-28
filename:./data/image2700.jpg
pred  :
target:发票专用章
filename:./data/image2701.jpg
pred  :时
target:35917371
filename:./data/image2702.jpg
pred  :
target:12678997
filename:./data/image2703.jpg
pred  :
target:115001834040
filename:./data/image2704.jpg
pred  :
target:8966986
filename:./data/image2705.jpg
pred  :
target:K-0Y212
filename:./data/image2706.jpg
pred  :
target:83888888
filename:./data/image2707.jpg
pred  :
target:2019-04-20
filename:./data/image2708.jpg
pred  :
target:11:16
filename:./data/image2709.jpg
pred  :
target:12:16
filename:./data/image2710.jpg
pred  :
target:00:11:35
filename:./data/image2711.jpg
pred  :
target:152.00
filename:./data/image2712.jpg
pred  :，人人1美
target:发票代码:
filename:./data/image2713.jpg
pred  :
target:发票号码:
filename:./data/image2714.jpg
pred  :专
target:信息码:
filename:./data/image2715.jpg
pred  :0509
target:单位:
filename:./data/image2716.jpg
pred  :(-0
target:电话:
filename:./data/image2717.jpg
pred  :8ei
target:车号:
filename:./data/image2718.jpg
pred  :迭信9-04.
target:证号:
filename:./data/image2719.jpg
pred  :11
target:日期:
filename:./data/image2720.jpg
pred  :12
target:上车:
filename:./data/image2721.jpg
pred  :2
target:下车:
filename:./data/image2722.jpg
pred  :
target:单价:
filename:./data/image2723.jpg
pred  :0:.1
target:里程:
filename:./data/image2724.jpg
pred  :
target:等候:
filename:./data/image2725.jpg
pred  :年12
target:状态:
filename:./data/image2726.jpg
pred  :
target:金额:
filename:./data/image2727.jpg
pred  :发票
target:内蒙古
filename:./data/image2728.jpg
pred  :0少3
target:出租汽车通用机打发票
filename:./data/image2729.jpg
pred  :
target:发票联
filename:./data/image2730.jpg
pred  :
target:发票联
filename:./data/image2731.jpg
pred  :6
target:出租汽车通用机打发票
filename:./data/image2732.jpg
pred  :士r对互
target:内蒙古
filename:./data/image2733.jpg
pred  :预
target:发票代码:
filename:./data/image2734.jpg
pred  :
target:发票号码:
filename:./data/image2735.jpg
pred  :
target:信息码:
filename:./data/image2736.jpg
pred  :o
target:单位:
filename:./data/image2737.jpg
pred  :KV
target:电话:
filename:./data/image2738.jpg
pred  :PP
target:车号:
filename:./data/image2739.jpg
pred  :pe
target:蒙
filename:./data/image2740.jpg
pred  :年试
target:证号:
filename:./data/image2741.jpg
pred  :
target:日期:
filename:./data/image2742.jpg
pred  :1
target:上车:
filename:./data/image2743.jpg
pred  :
target:下车:
filename:./data/image2744.jpg
pred  :
target:单价:
filename:./data/image2745.jpg
pred  :0to
target:里程:
filename:./data/image2746.jpg
pred  :
target:等候:
filename:./data/image2747.jpg
pred  :01
target:状态:
filename:./data/image2748.jpg
pred  :
target:金额:
filename:./data/image2749.jpg
pred  :
target:12.00
filename:./data/image2750.jpg
pred  :
target:00:05:32
filename:./data/image2751.jpg
pred  :
target:3.4
filename:./data/image2752.jpg
pred  :
target:1.80
filename:./data/image2753.jpg
pred  :
target:15:07
filename:./data/image2754.jpg
pred  :
target:15:07
filename:./data/image2755.jpg
pred  ::-
target:2019-04-21
filename:./data/image2756.jpg
pred  :
target:88888888
filename:./data/image2757.jpg
pred  :
target:K-Y1527
filename:./data/image2758.jpg
pred  :
target:8318366
filename:./data/image2759.jpg
pred  :
target:8888
filename:./data/image2760.jpg
pred  :涉
target:86501621
filename:./data/image2761.jpg
pred  :市人
target:12197792
filename:./data/image2762.jpg
pred  :
target:1150011834040
filename:./data/image2763.jpg
pred  :发古鄂尔多斯市
target:内蒙古鄂尔多斯市
filename:./data/image2764.jpg
pred  :出租汽车通用机打岁票
target:出租汽车通用机打发票
filename:./data/image2768.jpg
pred  :信息码:
target:发票号码:
filename:./data/image2782.jpg
pred  :附附预名服分00
target:88888888
filename:./data/image2783.jpg
pred  :9010-01-02
target:2019-01-02
filename:./data/image2785.jpg
pred  :12:0
target:12:07
filename:./data/image2788.jpg
pred  :项042间00
target:00:24:38
filename:./data/image2790.jpg
pred  :年110.00
target:113.00
filename:./data/image2794.jpg
pred  :广专公司
target:广安公司
filename:./data/image2796.jpg
pred  :车子:
target:车号:
filename:./data/image2800.jpg
pred  :不没车学
target:下车:
filename:./data/image2805.jpg
pred  :全额:
target:金额:
filename:./data/image2807.jpg
pred  :索2Y521
target:蒙 K2Y521
filename:./data/image2810.jpg
pred  :发票试码
target:发票代码:
filename:./data/image2812.jpg
pred  :信息m:
target:信息码:
filename:./data/image2813.jpg
pred  :144004434040
target:1150011834040
filename:./data/image2816.jpg
pred  :9124305
target:8124305
filename:./data/image2821.jpg
pred  :号:19
target:15:19
filename:./data/image2822.jpg
pred  :Y1.60
target:1.60
filename:./data/image2823.jpg
pred  :3.12Nmm
target:3.12km
filename:./data/image2824.jpg
pred  :0:0y:54
target:0:09:54
filename:./data/image2826.jpg
pred  :票联
target:发票联
filename:./data/image2827.jpg
pred  :像占鄂东2斯
target:内蒙古鄂尔多斯市
filename:./data/image2828.jpg
pred  :出电汽军通用机打发票
target:出租汽车通用机打发票
filename:./data/image2846.jpg
pred  :38262655
target:98262655
filename:./data/image2848.jpg
pred  :33eip:
target:8338858
filename:./data/image2851.jpg
pred  :CC--1
target:88888888
filename:./data/image2852.jpg
pred  :2010-02-21
target:2019-02-21
filename:./data/image2869.jpg
pred  :证亏:
target:证号:
filename:./data/image2878.jpg
pred  :115001834040
target:1150011834040
filename:./data/image2884.jpg
pred  :代-Y15093
target:K-Y1593
filename:./data/image2885.jpg
pred  :8888888
target:88888888
filename:./data/image2886.jpg
pred  :2013-02-21
target:2019-02-21
filename:./data/image2893.jpg
pred  :单10.00
target:10.00
filename:./data/image2894.jpg
pred  :鄂尔多斯)市
target:内蒙古鄂尔多斯市
filename:./data/image2895.jpg
pred  :军通用打岁崇
target:出租汽车通用机打发票
filename:./data/image2896.jpg
pred  :
target:发票联
filename:./data/image2897.jpg
pred  :码:1150
target:发票代码:
filename:./data/image2898.jpg
pred  :码:00号
target:发票号码:
filename:./data/image2899.jpg
pred  :码:93
target:信息码:
filename:./data/image2900.jpg
pred  ::
target:单位:
filename:./data/image2901.jpg
pred  ::
target:电话:
filename:./data/image2902.jpg
pred  ::蒙
target:车号:
filename:./data/image2903.jpg
pred  ::
target:证号:
filename:./data/image2904.jpg
pred  ::-e
target:日期:
filename:./data/image2905.jpg
pred  ::
target:上车:
filename:./data/image2906.jpg
pred  ::
target:下车:
filename:./data/image2907.jpg
pred  ::
target:单价:
filename:./data/image2908.jpg
pred  ::
target:里程:
filename:./data/image2909.jpg
pred  ::
target:等候:
filename:./data/image2910.jpg
pred  ::
target:状态:
filename:./data/image2911.jpg
pred  ::
target:金额:
filename:./data/image2912.jpg
pred  :1634040
target:115061634040
filename:./data/image2913.jpg
pred  :11253
target:03911253
filename:./data/image2914.jpg
pred  :79962)
target:93779962
filename:./data/image2915.jpg
pred  :
target:8888
filename:./data/image2916.jpg
pred  :58
target:8338858
filename:./data/image2917.jpg
pred  :487
target:K-Y0487
filename:./data/image2918.jpg
pred  :8888
target:88888888
filename:./data/image2919.jpg
pred  :-02-22
target:2019-02-22
filename:./data/image2920.jpg
pred  :1
target:14:21
filename:./data/image2921.jpg
pred  :
target:14:33
filename:./data/image2922.jpg
pred  :
target:1.60
filename:./data/image2923.jpg
pred  :
target:4.1
filename:./data/image2924.jpg
pred  :5:41
target:00:05:41
filename:./data/image2925.jpg
pred  :00
target:12.00
filename:./data/image2926.jpg
pred  :内蒙占
target:内蒙古
filename:./data/image2927.jpg
pred  :租汽车浦用机打发票
target:出租汽车通用机打发票
filename:./data/image2935.jpg
pred  :证亏:
target:证号:
filename:./data/image2949.jpg
pred  :1下:43
target:17:43
filename:./data/image2958.jpg
pred  :115001834040
target:1150011834040
filename:./data/image2959.jpg
pred  :蒙古票尔多斯
target:内蒙古鄂尔多斯市
filename:./data/image2960.jpg
pred  :t相文0资市申和T发票
target:出租汽车通用机打发票
filename:./data/image2961.jpg
pred  :发票里
target:发票联
filename:./data/image2979.jpg
pred  :采确算950
target:8338858
filename:./data/image2980.jpg
pred  :K-下1137
target:K-Y1187
filename:./data/image2981.jpg
pred  :0CC3cC元i8
target:88888888
filename:./data/image2982.jpg
pred  :业010-03-01
target:2019-03-01
filename:./data/image2983.jpg
pred  :a日电8
target:09:09
filename:./data/image2984.jpg
pred  :3.
target:5.3
filename:./data/image2985.jpg
pred  :00:2间:间
target:00:24:45
filename:./data/image2987.jpg
pred  :单20.00
target:20.00
filename:./data/image2989.jpg
pred  :蒙古鄂尔多斯市
target:内蒙古鄂尔多斯市
filename:./data/image2990.jpg
pred  :出相汽车通用机打发票
target:出租汽车通用机打发票
filename:./data/image3012.jpg
pred  :29012125)
target:29012125
filename:./data/image3013.jpg
pred  :5868
target:8888
filename:./data/image3015.jpg
pred  :-2Y115
target:K-2Y115
filename:./data/image3016.jpg
pred  :说3号8
target:88888888
filename:./data/image3018.jpg
pred  :2010-00-02
target:2019-03-02
filename:./data/image3020.jpg
pred  :18:19
target:16:19
filename:./data/image3023.jpg
pred  :内蒙击
target:内蒙古
filename:./data/image3024.jpg
pred  :出相汽车通用机打发票
target:出租汽车通用机打发票
filename:./data/image3025.jpg
pred  :发票
target:发票联
filename:./data/image3029.jpg
pred  :115001834040
target:1150011834040
filename:./data/image3032.jpg
pred  :832号
target:8888
filename:./data/image3033.jpg
pred  :31243息5
target:8124385
filename:./data/image3034.jpg
pred  :蒙2你号2
target:蒙 K2Y582
filename:./data/image3035.jpg
pred  :C39Ce
target:88888888
filename:./data/image3036.jpg
pred  :2019-5m-3p
target:2019-03-07
filename:./data/image3037.jpg
pred  :息号22”
target:08:23
filename:./data/image3038.jpg
pred  :05
target:08:35
filename:./data/image3039.jpg
pred  :160
target:1.80
filename:./data/image3040.jpg
pred  :48
target:4.0
ocr_correct: 1331/3056/0.4355366492146597
